#
# A fatal error has been detected by the Java Runtime Environment:
#
#  EXCEPTION_ACCESS_VIOLATION (0xc0000005) at pc=0x00007ffa0d5fcac8, pid=15676, tid=9864
#
# JRE version: OpenJDK Runtime Environment Temurin-17.0.11+9 (17.0.11+9) (build 17.0.11+9)
# Java VM: OpenJDK 64-Bit Server VM Temurin-17.0.11+9 (17.0.11+9, mixed mode, tiered, compressed oops, compressed class ptrs, parallel gc, windows-amd64)
# Problematic frame:
# V  [jvm.dll+0xcac8]
#
# No core dump will be written. Minidumps are not enabled by default on client versions of Windows
#
# If you would like to submit a bug report, please visit:
#   https://github.com/adoptium/adoptium-support/issues
#

---------------  S U M M A R Y ------------

Command Line: --add-modules=ALL-SYSTEM --add-opens=java.base/java.util=ALL-UNNAMED --add-opens=java.base/java.lang=ALL-UNNAMED --add-opens=java.base/sun.nio.fs=ALL-UNNAMED -Declipse.application=org.eclipse.jdt.ls.core.id1 -Dosgi.bundles.defaultStartLevel=4 -Declipse.product=org.eclipse.jdt.ls.core.product -Djava.import.generatesMetadataFilesAtProjectRoot=false -DDetectVMInstallationsJob.disabled=true -Dfile.encoding=utf8 -XX:+UseParallelGC -XX:GCTimeRatio=4 -XX:AdaptiveSizePolicyWeight=90 -Dsun.zip.disableMemoryMapping=true -Xmx1G -Xms100m -Xlog:disable -javaagent:c:\Users\This pc\.vscode\extensions\redhat.java-1.32.0-win32-x64\lombok\lombok-1.18.33.jar -XX:+HeapDumpOnOutOfMemoryError -XX:HeapDumpPath=c:\Users\This pc\AppData\Roaming\Code\User\workspaceStorage\f66363721906f2813de9fc78723243e7\redhat.java -Daether.dependencyCollector.impl=bf c:\Users\This pc\.vscode\extensions\redhat.java-1.32.0-win32-x64\server\plugins\org.eclipse.equinox.launcher_1.6.900.v20240613-2009.jar -configuration c:\Users\This pc\AppData\Roaming\Code\User\globalStorage\redhat.java\1.32.0\config_win -data c:\Users\This pc\AppData\Roaming\Code\User\workspaceStorage\f66363721906f2813de9fc78723243e7\redhat.java\jdt_ws --pipe=\\.\pipe\lsp-4690c667863ce2583015cfb441b65d21-sock

Host: Intel(R) Core(TM) i3-4005U CPU @ 1.70GHz, 4 cores, 5G,  Windows 10 , 64 bit Build 19041 (10.0.19041.3636)
Time: Sat Jun 29 21:17:04 2024 India Standard Time elapsed time: 18021.655312 seconds (0d 5h 0m 21s)

---------------  T H R E A D  ---------------

Current thread (0x0000018943423540):  GCTaskThread "GC Thread#1" [stack: 0x0000000350b00000,0x0000000350c00000] [id=9864]

Stack: [0x0000000350b00000,0x0000000350c00000],  sp=0x0000000350bff938,  free space=1022k
Native frames: (J=compiled Java code, j=interpreted, Vv=VM code, C=native code)
V  [jvm.dll+0xcac8]


siginfo: EXCEPTION_ACCESS_VIOLATION (0xc0000005), reading address 0x0000000771dc6920


Registers:
RAX=0x0000000000000001, RBX=0x00000000c18990a0, RCX=0x0000000000000003, RDX=0x00000000c18990a0
RSP=0x0000000350bff938, RBP=0x0000018929d16550, RSI=0x0000000000000004, RDI=0x00000000c18559bc
R8 =0x0000000771dc6918, R9 =0x000000000000d4e9, R10=0x00000000c18991a8, R11=0x0000000000000031
R12=0x00000000000003d8, R13=0x0000000350bffb20, R14=0x00000000c185655c, R15=0x0000000000000000
RIP=0x00007ffa0d5fcac8, EFLAGS=0x0000000000010206


Register to memory mapping:

RIP=0x00007ffa0d5fcac8 jvm.dll
RAX=0x0000000000000001 is an unknown value
RBX=
[error occurred during error reporting (printing register info), id 0xc0000005, EXCEPTION_ACCESS_VIOLATION (0xc0000005) at pc=0x00007ffa0dc79a46]

Top of Stack: (sp=0x0000000350bff938)
0x0000000350bff938:   00007ffa0dca0428 00000000c18991a8
0x0000000350bff948:   00000000c18559b8 0000000000000000
0x0000000350bff958:   00007ffa0e11c7c0 00007ffa0e11c7c0
0x0000000350bff968:   00007ffa0dca0763 0000018929d16550
0x0000000350bff978:   00007ffa0df0bb80 00007ffa0dfa11c8
0x0000000350bff988:   000000000000d49b 0000000000000000
0x0000000350bff998:   0000000000000000 000001893daa60c0
0x0000000350bff9a8:   00007ffa0ddd0001 0000000000000001
0x0000000350bff9b8:   00000000c036c520 00007ffa0df0bb80
0x0000000350bff9c8:   0000018929c6fe60 0000018900000003
0x0000000350bff9d8:   0000018929d16550 0000000000000000
0x0000000350bff9e8:   0000000000000000 000001893daa60c0
0x0000000350bff9f8:   0000018942d3a518 000001894348da70
0x0000000350bffa08:   0000018942d3a140 0000018942d3a130
0x0000000350bffa18:   00007ffa0dca5318 0000018929d16550
0x0000000350bffa28:   00267dfe0000cdc8 0000018942d3a140
0x0000000350bffa38:   0000018929d16550 00007ffa0dfa19b8
0x0000000350bffa48:   0000018929d16550 00007ffa0df44b10
0x0000000350bffa58:   0000000350bffa40 0000000000000000
0x0000000350bffa68:   0000000000000180 0000000000000002
0x0000000350bffa78:   0000000000000001 00007ffa0dfa19b8
0x0000000350bffa88:   000000034feff1c0 000001894585f3b0
0x0000000350bffa98:   00007ffa0ddd8338 00000000000062c7
0x0000000350bffaa8:   000001894585f648 0000000350bffb20
0x0000000350bffab8:   0000000000000001 000000034feff300
0x0000000350bffac8:   00007ffa0dca9d0d 0000000000000000
0x0000000350bffad8:   0000000350bffb50 0000018943423540
0x0000000350bffae8:   000000034feff1c0 000000034feff560
0x0000000350bffaf8:   0000018942d3a130 0000000200000002
0x0000000350bffb08:   000000034feff1c0 0000000300000000
0x0000000350bffb18:   00000029f5a1fd70 00007ffa0dfa1bc0
0x0000000350bffb28:   0000000000000002 0000000000000000 

Instructions: (pc=0x00007ffa0d5fcac8)
0x00007ffa0d5fc9c8:   48 83 c4 20 5e c3 cc cc 48 8b 01 c3 cc cc cc cc
0x00007ffa0d5fc9d8:   cc cc cc cc cc cc cc cc 4c 8b 01 4c 8b c9 48 8b
0x00007ffa0d5fc9e8:   0d 23 61 b6 00 ba 44 60 08 00 e9 d9 f1 ff ff cc
0x00007ffa0d5fc9f8:   cc cc cc cc cc cc cc cc 48 89 5c 24 08 57 48 83
0x00007ffa0d5fca08:   ec 20 48 8b 39 48 8b d9 48 85 3d 41 4a bb 00 75
0x00007ffa0d5fca18:   0e 48 8b c7 48 8b 5c 24 30 48 83 c4 20 5f c3 48
0x00007ffa0d5fca28:   8b cf e8 f1 99 85 00 48 8b d0 48 85 c0 74 20 48
0x00007ffa0d5fca38:   8b c7 f0 48 0f b1 13 74 16 48 85 05 10 4a bb 00
0x00007ffa0d5fca48:   74 0d 48 8b c8 f0 48 0f b1 13 48 3b c1 75 ea 48
0x00007ffa0d5fca58:   8b 5c 24 30 48 8b c2 48 83 c4 20 5f c3 cc cc cc
0x00007ffa0d5fca68:   cc cc cc cc cc cc cc cc 4c 8b 01 4c 8b c9 48 8b
0x00007ffa0d5fca78:   0d 93 60 b6 00 ba 64 60 08 00 e9 49 f1 ff ff cc
0x00007ffa0d5fca88:   cc cc cc cc cc cc cc cc 8b 05 62 a8 b0 00 c3 cc
0x00007ffa0d5fca98:   cc cc cc cc cc cc cc cc 0f b6 05 c0 68 b7 00 48
0x00007ffa0d5fcaa8:   8b d1 84 c0 74 16 44 8b 41 08 8b 0d 40 a8 b0 00
0x00007ffa0d5fcab8:   49 d3 e0 4c 03 05 2e a8 b0 00 eb 04 4c 8b 41 08
0x00007ffa0d5fcac8:   45 8b 50 08 45 85 d2 7e 0e 41 f6 c2 01 75 53 41
0x00007ffa0d5fcad8:   c1 fa 03 41 8b c2 c3 79 49 84 c0 b9 10 00 00 00
0x00007ffa0d5fcae8:   8b 05 46 b7 b0 00 41 b8 0c 00 00 00 41 0f 45 c8
0x00007ffa0d5fcaf8:   ff c8 4c 63 c8 48 63 14 11 41 8b ca 83 e1 3f 48
0x00007ffa0d5fcb08:   d3 e2 41 8b ca 48 c1 f9 10 0f b6 c1 49 8d 0c 11
0x00007ffa0d5fcb18:   49 f7 d1 48 03 c1 49 c1 e9 03 48 c1 e8 03 41 23
0x00007ffa0d5fcb28:   c1 c3 49 8b 00 49 8b c8 48 ff a0 00 01 00 00 cc
0x00007ffa0d5fcb38:   cc cc cc cc cc cc cc cc 8b 44 24 30 45 03 c9 44
0x00007ffa0d5fcb48:   2b 4c 24 28 83 c0 0b 44 03 ca 45 03 c8 41 03 c1
0x00007ffa0d5fcb58:   c3 cc cc cc cc cc cc cc 4c 8b ca 48 8b d1 45 8b
0x00007ffa0d5fcb68:   41 08 45 85 c0 7e 0e 41 f6 c0 01 75 56 41 c1 f8
0x00007ffa0d5fcb78:   03 41 8b c0 c3 79 4c 80 3d e1 67 b7 00 00 b8 0c
0x00007ffa0d5fcb88:   00 00 00 b9 10 00 00 00 0f 45 c8 8b 05 9b b6 b0
0x00007ffa0d5fcb98:   00 ff c8 4c 63 c8 48 63 14 11 41 8b c8 83 e1 3f
0x00007ffa0d5fcba8:   48 d3 e2 41 8b c8 48 c1 f9 10 0f b6 c1 49 8d 0c
0x00007ffa0d5fcbb8:   11 49 f7 d1 48 03 c1 49 c1 e9 03 48 c1 e8 03 41 


Stack slot to memory mapping:
stack at sp + 0 slots: 0x00007ffa0dca0428 jvm.dll
stack at sp + 1 slots: 0x00000000c18991a8 is an oop: jdk.internal.jimage.ImageReader$Resource 
{0x00000000c18991a8} - klass: 'jdk/internal/jimage/ImageReader$Resource'
 - ---- fields (total size 4 words):
 - private 'flags' 'I' @12  0
 - private 'completed' 'Z' @16  false
 - private final 'name' 'Ljava/lang/String;' @20  "/modules/java.base/sun/security/ssl/CertificateMessage.class"{0x00000000c18991c8} (c18991c8)
 - private final 'fileAttrs' 'Ljava/nio/file/attribute/BasicFileAttributes;' @24  a 'sun/nio/fs/WindowsFileAttributes'{0x00000000c11582c0} (c11582c0)
 - private final 'loc' 'Ljdk/internal/jimage/ImageLocation;' @28  a 'jdk/internal/jimage/ImageLocation'{0x00000000c1899230} (c1899230)
stack at sp + 2 slots: 0x00000000c18559b8 is pointing into object: [Ljava.lang.Object; 
{0x00000000c1855870} - klass: 'java/lang/Object'[]
 - length: 823
stack at sp + 3 slots: 0x0 is NULL
stack at sp + 4 slots: 0x00007ffa0e11c7c0 jvm.dll
stack at sp + 5 slots: 0x00007ffa0e11c7c0 jvm.dll
stack at sp + 6 slots: 0x00007ffa0dca0763 jvm.dll
stack at sp + 7 slots: 0x0000018929d16550 points into unknown readable memory: 0x000001893da2cff0 | f0 cf a2 3d 89 01 00 00


---------------  P R O C E S S  ---------------

Threads class SMR info:
_java_thread_list=0x0000018947c10ca0, length=85, elements={
0x0000018929c5c6f0, 0x0000018929d186c0, 0x000001893daa60c0, 0x0000018929d1a0c0,
0x0000018929d1af40, 0x0000018929d1bdc0, 0x0000018929d1e790, 0x000001893dad1750,
0x000001893dafea30, 0x0000018942cf92c0, 0x0000018942da7040, 0x0000018942ffe160,
0x0000018943a06530, 0x00000189434e7220, 0x00000189434e7700, 0x00000189437a2000,
0x000001894383ab20, 0x0000018943a2e3e0, 0x0000018943a2f310, 0x0000018943a2c580,
0x0000018943a2ded0, 0x00000189432b4b80, 0x00000189432b5fc0, 0x00000189432b1df0,
0x00000189432b2300, 0x00000189432afa80, 0x00000189432b5090, 0x00000189432aff90,
0x00000189432b09b0, 0x00000189472dc1c0, 0x00000189472dc6d0, 0x00000189472dcbe0,
0x00000189472dd600, 0x00000189472d66a0, 0x00000189432b4670, 0x00000189432af060,
0x00000189432b55a0, 0x0000018943a2f820, 0x00000189472dd0f0, 0x00000189472d75d0,
0x00000189432b3230, 0x000001894342e770, 0x0000018943432940, 0x00000189434300c0,
0x00000189432b18e0, 0x00000189432b5ab0, 0x000001894342c910, 0x000001894342dd50,
0x0000018956b208f0, 0x0000018956b21310, 0x0000018943431a10, 0x000001894342ce20,
0x00000189472d9940, 0x00000189472d9430, 0x000001894342d330, 0x0000018945d59fe0,
0x0000018945d5a4f0, 0x0000018945d5af10, 0x0000018945d5b930, 0x0000018945d5be40,
0x0000018945d595c0, 0x00000189451c9a90, 0x00000189451ca9c0, 0x00000189451c8650,
0x00000189451cb8f0, 0x00000189451c67f0, 0x00000189451c9580, 0x00000189451cc820,
0x00000189451c9070, 0x00000189451caed0, 0x00000189451c5dd0, 0x00000189432b69e0,
0x00000189432af570, 0x0000018956b1fed0, 0x00000189451cb3e0, 0x0000018956b1e070,
0x0000018945d5c860, 0x000001894342fbb0, 0x0000018943430ae0, 0x00000189451cbe00,
0x00000189451cc310, 0x00000189451c58c0, 0x00000189451c6d00, 0x00000189451c7720,
0x0000018956b1ea90
}

Java Threads: ( => current thread )
  0x0000018929c5c6f0 JavaThread "main" [_thread_blocked, id=24356, stack(0x000000034fc00000,0x000000034fd00000)]
  0x0000018929d186c0 JavaThread "Reference Handler" daemon [_thread_blocked, id=16200, stack(0x000000034ff00000,0x0000000350000000)]
  0x000001893daa60c0 JavaThread "Finalizer" daemon [_thread_blocked, id=10760, stack(0x0000000350000000,0x0000000350100000)]
  0x0000018929d1a0c0 JavaThread "Signal Dispatcher" daemon [_thread_blocked, id=11052, stack(0x0000000350100000,0x0000000350200000)]
  0x0000018929d1af40 JavaThread "Attach Listener" daemon [_thread_blocked, id=20316, stack(0x0000000350200000,0x0000000350300000)]
  0x0000018929d1bdc0 JavaThread "Service Thread" daemon [_thread_blocked, id=20736, stack(0x0000000350300000,0x0000000350400000)]
  0x0000018929d1e790 JavaThread "Monitor Deflation Thread" daemon [_thread_blocked, id=3576, stack(0x0000000350400000,0x0000000350500000)]
  0x000001893dad1750 JavaThread "C2 CompilerThread0" daemon [_thread_blocked, id=19480, stack(0x0000000350500000,0x0000000350600000)]
  0x000001893dafea30 JavaThread "C1 CompilerThread0" daemon [_thread_blocked, id=1872, stack(0x0000000350600000,0x0000000350700000)]
  0x0000018942cf92c0 JavaThread "Sweeper thread" daemon [_thread_blocked, id=12808, stack(0x0000000350700000,0x0000000350800000)]
  0x0000018942da7040 JavaThread "Common-Cleaner" daemon [_thread_blocked, id=26648, stack(0x0000000350800000,0x0000000350900000)]
  0x0000018942ffe160 JavaThread "Notification Thread" daemon [_thread_blocked, id=10336, stack(0x0000000350900000,0x0000000350a00000)]
  0x0000018943a06530 JavaThread "Active Thread: Equinox Container: c1bf1f74-6047-4802-883b-cabb2d3ad83f" [_thread_blocked, id=8032, stack(0x0000000350e00000,0x0000000350f00000)]
  0x00000189434e7220 JavaThread "Framework Event Dispatcher: Equinox Container: c1bf1f74-6047-4802-883b-cabb2d3ad83f" daemon [_thread_blocked, id=16784, stack(0x0000000351000000,0x0000000351100000)]
  0x00000189434e7700 JavaThread "Start Level: Equinox Container: c1bf1f74-6047-4802-883b-cabb2d3ad83f" daemon [_thread_blocked, id=1768, stack(0x0000000351100000,0x0000000351200000)]
  0x00000189437a2000 JavaThread "Bundle File Closer" daemon [_thread_blocked, id=25328, stack(0x0000000350f00000,0x0000000351000000)]
  0x000001894383ab20 JavaThread "SCR Component Actor" daemon [_thread_blocked, id=1072, stack(0x0000000351200000,0x0000000351300000)]
  0x0000018943a2e3e0 JavaThread "Worker-JM" [_thread_blocked, id=28044, stack(0x0000000351500000,0x0000000351600000)]
  0x0000018943a2f310 JavaThread "Java indexing" daemon [_thread_blocked, id=6424, stack(0x0000000351a00000,0x0000000351b00000)]
  0x0000018943a2c580 JavaThread "JNA Cleaner" daemon [_thread_blocked, id=23044, stack(0x0000000351300000,0x0000000351400000)]
  0x0000018943a2ded0 JavaThread "Thread-2" daemon [_thread_in_native, id=16036, stack(0x0000000351d00000,0x0000000351e00000)]
  0x00000189432b4b80 JavaThread "Thread-3" daemon [_thread_in_native, id=19396, stack(0x0000000351e00000,0x0000000351f00000)]
  0x00000189432b5fc0 JavaThread "Thread-4" daemon [_thread_in_native, id=29908, stack(0x0000000351f00000,0x0000000352000000)]
  0x00000189432b1df0 JavaThread "Thread-5" daemon [_thread_in_native, id=20828, stack(0x0000000352000000,0x0000000352100000)]
  0x00000189432b2300 JavaThread "Thread-6" daemon [_thread_in_native, id=5864, stack(0x0000000352100000,0x0000000352200000)]
  0x00000189432afa80 JavaThread "pool-2-thread-1" [_thread_blocked, id=9004, stack(0x0000000352200000,0x0000000352300000)]
  0x00000189432b5090 JavaThread "WorkspaceEventsHandler" [_thread_blocked, id=1876, stack(0x0000000351c00000,0x0000000351d00000)]
  0x00000189432aff90 JavaThread "pool-1-thread-1" [_thread_blocked, id=21840, stack(0x0000000352300000,0x0000000352400000)]
  0x00000189432b09b0 JavaThread "Cleaner-0" daemon [_thread_blocked, id=6200, stack(0x000000034fa00000,0x000000034fb00000)]
  0x00000189472dc1c0 JavaThread "Java Debug Server" daemon [_thread_in_native, id=17692, stack(0x0000000351900000,0x0000000351a00000)]
  0x00000189472dc6d0 JavaThread "pool-3-thread-1" [_thread_in_native, id=13024, stack(0x0000000352800000,0x0000000352900000)]
  0x00000189472dcbe0 JavaThread "RxSchedulerPurge-1" daemon [_thread_blocked, id=24940, stack(0x0000000352900000,0x0000000352a00000)]
  0x00000189472dd600 JavaThread "RxCachedWorkerPoolEvictor-1" daemon [_thread_blocked, id=31264, stack(0x0000000352b00000,0x0000000352c00000)]
  0x00000189472d66a0 JavaThread "RxNewThreadScheduler-1" daemon [_thread_blocked, id=24328, stack(0x0000000352c00000,0x0000000352d00000)]
  0x00000189432b4670 JavaThread "process reaper (pid 16512)" daemon [_thread_in_native, id=32564, stack(0x000000034f740000,0x000000034f760000)]
  0x00000189432af060 JavaThread "pool-3-thread-2" [_thread_in_native, id=14576, stack(0x0000000352e00000,0x0000000352f00000)]
  0x00000189432b55a0 JavaThread "RxNewThreadScheduler-3" daemon [_thread_blocked, id=29740, stack(0x0000000352f00000,0x0000000353000000)]
  0x0000018943a2f820 JavaThread "process reaper (pid 30484)" daemon [_thread_in_native, id=3196, stack(0x000000034f760000,0x000000034f780000)]
  0x00000189472dd0f0 JavaThread "pool-3-thread-3" [_thread_in_native, id=28052, stack(0x0000000352a00000,0x0000000352b00000)]
  0x00000189472d75d0 JavaThread "RxNewThreadScheduler-5" daemon [_thread_blocked, id=25760, stack(0x0000000352d00000,0x0000000352e00000)]
  0x00000189432b3230 JavaThread "process reaper (pid 1720)" daemon [_thread_in_native, id=16416, stack(0x000000034f780000,0x000000034f7a0000)]
  0x000001894342e770 JavaThread "pool-3-thread-4" [_thread_in_native, id=25936, stack(0x0000000352400000,0x0000000352500000)]
  0x0000018943432940 JavaThread "RxNewThreadScheduler-7" daemon [_thread_blocked, id=28968, stack(0x0000000353000000,0x0000000353100000)]
  0x00000189434300c0 JavaThread "process reaper (pid 23528)" daemon [_thread_in_native, id=5544, stack(0x000000034f7a0000,0x000000034f7c0000)]
  0x00000189432b18e0 JavaThread "pool-3-thread-5" [_thread_in_native, id=29436, stack(0x0000000351600000,0x0000000351700000)]
  0x00000189432b5ab0 JavaThread "RxNewThreadScheduler-9" daemon [_thread_blocked, id=17700, stack(0x0000000351700000,0x0000000351800000)]
  0x000001894342c910 JavaThread "process reaper (pid 23036)" daemon [_thread_in_native, id=8864, stack(0x000000034f7c0000,0x000000034f7e0000)]
  0x000001894342dd50 JavaThread "pool-3-thread-6" [_thread_in_native, id=23256, stack(0x0000000353300000,0x0000000353400000)]
  0x0000018956b208f0 JavaThread "RxNewThreadScheduler-11" daemon [_thread_blocked, id=9252, stack(0x0000000353400000,0x0000000353500000)]
  0x0000018956b21310 JavaThread "process reaper (pid 16172)" daemon [_thread_in_native, id=23472, stack(0x000000034f7e0000,0x000000034f800000)]
  0x0000018943431a10 JavaThread "pool-3-thread-7" [_thread_in_native, id=2428, stack(0x0000000353700000,0x0000000353800000)]
  0x000001894342ce20 JavaThread "RxNewThreadScheduler-13" daemon [_thread_blocked, id=24104, stack(0x0000000353800000,0x0000000353900000)]
  0x00000189472d9940 JavaThread "process reaper (pid 11488)" daemon [_thread_in_native, id=18768, stack(0x0000000353900000,0x0000000353920000)]
  0x00000189472d9430 JavaThread "pool-3-thread-8" [_thread_in_native, id=1880, stack(0x0000000353920000,0x0000000353a20000)]
  0x000001894342d330 JavaThread "RxNewThreadScheduler-15" daemon [_thread_blocked, id=23432, stack(0x0000000353a20000,0x0000000353b20000)]
  0x0000018945d59fe0 JavaThread "process reaper (pid 32536)" daemon [_thread_in_native, id=10912, stack(0x0000000353b20000,0x0000000353b40000)]
  0x0000018945d5a4f0 JavaThread "pool-3-thread-9" [_thread_in_native, id=28720, stack(0x0000000353b40000,0x0000000353c40000)]
  0x0000018945d5af10 JavaThread "RxNewThreadScheduler-17" daemon [_thread_blocked, id=9944, stack(0x0000000353e40000,0x0000000353f40000)]
  0x0000018945d5b930 JavaThread "process reaper (pid 29508)" daemon [_thread_in_native, id=26700, stack(0x0000000353f40000,0x0000000353f60000)]
  0x0000018945d5be40 JavaThread "pool-3-thread-10" [_thread_in_native, id=29700, stack(0x0000000353100000,0x0000000353200000)]
  0x0000018945d595c0 JavaThread "RxNewThreadScheduler-19" daemon [_thread_blocked, id=13008, stack(0x0000000353f60000,0x0000000354060000)]
  0x00000189451c9a90 JavaThread "process reaper (pid 6948)" daemon [_thread_in_native, id=2408, stack(0x0000000354360000,0x0000000354380000)]
  0x00000189451ca9c0 JavaThread "pool-3-thread-11" [_thread_in_native, id=27884, stack(0x0000000354060000,0x0000000354160000)]
  0x00000189451c8650 JavaThread "RxNewThreadScheduler-21" daemon [_thread_blocked, id=13868, stack(0x0000000354260000,0x0000000354360000)]
  0x00000189451cb8f0 JavaThread "process reaper (pid 732)" daemon [_thread_in_native, id=8428, stack(0x0000000354380000,0x00000003543a0000)]
  0x00000189451c67f0 JavaThread "pool-3-thread-12" [_thread_in_native, id=27408, stack(0x0000000353500000,0x0000000353600000)]
  0x00000189451c9580 JavaThread "RxNewThreadScheduler-23" daemon [_thread_blocked, id=27404, stack(0x00000003543a0000,0x00000003544a0000)]
  0x00000189451cc820 JavaThread "process reaper (pid 27716)" daemon [_thread_in_native, id=27128, stack(0x00000003544a0000,0x00000003544c0000)]
  0x00000189451c9070 JavaThread "pool-3-thread-13" [_thread_in_native, id=11780, stack(0x0000000351b00000,0x0000000351c00000)]
  0x00000189451caed0 JavaThread "RxNewThreadScheduler-25" daemon [_thread_blocked, id=712, stack(0x0000000352600000,0x0000000352700000)]
  0x00000189451c5dd0 JavaThread "process reaper (pid 28060)" daemon [_thread_in_native, id=4524, stack(0x0000000353200000,0x0000000353220000)]
  0x00000189432b69e0 JavaThread "pool-3-thread-14" [_thread_in_native, id=30536, stack(0x00000003549c0000,0x0000000354ac0000)]
  0x00000189432af570 JavaThread "RxNewThreadScheduler-27" daemon [_thread_blocked, id=22768, stack(0x0000000354ac0000,0x0000000354bc0000)]
  0x0000018956b1fed0 JavaThread "process reaper (pid 19748)" daemon [_thread_in_native, id=8544, stack(0x0000000353220000,0x0000000353240000)]
  0x00000189451cb3e0 JavaThread "pool-3-thread-15" [_thread_in_native, id=17896, stack(0x0000000353d40000,0x0000000353e40000)]
  0x0000018956b1e070 JavaThread "RxNewThreadScheduler-29" daemon [_thread_blocked, id=12008, stack(0x00000003544c0000,0x00000003545c0000)]
  0x0000018945d5c860 JavaThread "process reaper (pid 31432)" daemon [_thread_in_native, id=10000, stack(0x0000000353240000,0x0000000353260000)]
  0x000001894342fbb0 JavaThread "Worker-46: Publish Diagnostics" [_thread_in_native, id=29144, stack(0x0000000351400000,0x0000000351500000)]
  0x0000018943430ae0 JavaThread "Worker-47" [_thread_blocked, id=14548, stack(0x0000000351800000,0x0000000351900000)]
  0x00000189451cbe00 JavaThread "ForkJoinPool.commonPool-worker-36" daemon [_thread_blocked, id=19768, stack(0x000000034fb00000,0x000000034fc00000)]
  0x00000189451cc310 JavaThread "ForkJoinPool.commonPool-worker-37" daemon [_thread_blocked, id=9444, stack(0x0000000352500000,0x0000000352600000)]
  0x00000189451c58c0 JavaThread "ForkJoinPool.commonPool-worker-38" daemon [_thread_blocked, id=3304, stack(0x0000000352700000,0x0000000352800000)]
  0x00000189451c6d00 JavaThread "Worker-48" [_thread_blocked, id=8392, stack(0x0000000353600000,0x0000000353700000)]
  0x00000189451c7720 JavaThread "ForkJoinPool.commonPool-worker-39" daemon [_thread_blocked, id=7372, stack(0x0000000353c40000,0x0000000353d40000)]
  0x0000018956b1ea90 JavaThread "ForkJoinPool.commonPool-worker-40" daemon [_thread_blocked, id=14988, stack(0x0000000354160000,0x0000000354260000)]

Other Threads:
  0x0000018929d11340 VMThread "VM Thread" [stack: 0x000000034fe00000,0x000000034ff00000] [id=24108]
  0x0000018942ffe640 WatcherThread [stack: 0x0000000350a00000,0x0000000350b00000] [id=28704]
  0x0000018929c6e4c0 GCTaskThread "GC Thread#0" [stack: 0x000000034fd00000,0x000000034fe00000] [id=24976]
=>0x0000018943423540 GCTaskThread "GC Thread#1" [stack: 0x0000000350b00000,0x0000000350c00000] [id=9864]
  0x00000189434860f0 GCTaskThread "GC Thread#2" [stack: 0x0000000350c00000,0x0000000350d00000] [id=30684]
  0x00000189434863b0 GCTaskThread "GC Thread#3" [stack: 0x0000000350d00000,0x0000000350e00000] [id=27760]

Threads with active compile tasks:

VM state: at safepoint (normal execution)

VM Mutex/Monitor currently owned by a thread:  ([mutex/lock_event])
[0x0000018929c59390] Threads_lock - owner thread: 0x0000018929d11340
[0x0000018929c5a1f0] Heap_lock - owner thread: 0x00000189451c7720

Heap address: 0x00000000c0000000, size: 1024 MB, Compressed Oops mode: 32-bit

CDS archive(s) not mapped
Compressed class space mapped at: 0x0000000100000000-0x0000000140000000, reserved size: 1073741824
Narrow klass base: 0x0000000000000000, Narrow klass shift: 3, Narrow klass range: 0x140000000

GC Precious Log:
 CPUs: 4 total, 4 available
 Memory: 6056M
 Large Page Support: Disabled
 NUMA Support: Disabled
 Compressed Oops: Enabled (32-bit)
 Alignments: Space 512K, Generation 512K, Heap 2M
 Heap Min Capacity: 100M
 Heap Initial Capacity: 100M
 Heap Max Capacity: 1G
 Pre-touch: Disabled
 Parallel Workers: 4

Heap:
 PSYoungGen      total 9216K, used 1920K [0x00000000eab00000, 0x00000000eb980000, 0x0000000100000000)
  eden space 7168K, 0% used [0x00000000eab00000,0x00000000eab00000,0x00000000eb200000)
  from space 2048K, 93% used [0x00000000eb780000,0x00000000eb960020,0x00000000eb980000)
  to   space 3072K, 0% used [0x00000000eb380000,0x00000000eb380000,0x00000000eb680000)
 ParOldGen       total 270336K, used 269258K [0x00000000c0000000, 0x00000000d0800000, 0x00000000eab00000)
  object space 270336K, 99% used [0x00000000c0000000,0x00000000d06f2990,0x00000000d0800000)
 Metaspace       used 98911K, committed 100096K, reserved 1179648K
  class space    used 9609K, committed 10112K, reserved 1048576K

Card table byte_map: [0x0000018929600000,0x0000018929810000] _byte_map_base: 0x0000018929000000

Marking Bits: (ParMarkBitMap*) 0x00007ffa0e18d820
 Begin Bits: [0x000001893b900000, 0x000001893c900000)
 End Bits:   [0x000001893c900000, 0x000001893d900000)

Polling page: 0x0000018927bd0000

Metaspace:

Usage:
  Non-class:     87.21 MB used.
      Class:      9.38 MB used.
       Both:     96.59 MB used.

Virtual space:
  Non-class space:      128.00 MB reserved,      87.88 MB ( 69%) committed,  2 nodes.
      Class space:        1.00 GB reserved,       9.88 MB ( <1%) committed,  1 nodes.
             Both:        1.12 GB reserved,      97.75 MB (  8%) committed. 

Chunk freelists:
   Non-Class:  8.13 MB
       Class:  6.01 MB
        Both:  14.14 MB

MaxMetaspaceSize: unlimited
CompressedClassSpaceSize: 1.00 GB
Initial GC threshold: 21.00 MB
Current GC threshold: 162.81 MB
CDS: off
MetaspaceReclaimPolicy: balanced
 - commit_granule_bytes: 65536.
 - commit_granule_words: 8192.
 - virtual_space_node_default_size: 8388608.
 - enlarge_chunks_in_place: 1.
 - new_chunks_are_fully_committed: 0.
 - uncommit_free_chunks: 1.
 - use_allocation_guard: 0.
 - handle_deallocations: 1.


Internal statistics:

num_allocs_failed_limit: 13.
num_arena_births: 1126.
num_arena_deaths: 364.
num_vsnodes_births: 3.
num_vsnodes_deaths: 0.
num_space_committed: 1564.
num_space_uncommitted: 0.
num_chunks_returned_to_freelist: 436.
num_chunks_taken_from_freelist: 5616.
num_chunk_merges: 147.
num_chunk_splits: 3246.
num_chunks_enlarged: 1698.
num_inconsistent_stats: 0.

CodeHeap 'non-profiled nmethods': size=120000Kb used=36103Kb max_used=36339Kb free=83896Kb
 bounds [0x00000189343d0000, 0x0000018936750000, 0x000001893b900000]
CodeHeap 'profiled nmethods': size=120000Kb used=41743Kb max_used=44050Kb free=78256Kb
 bounds [0x000001892c900000, 0x000001892f440000, 0x0000018933e30000]
CodeHeap 'non-nmethods': size=5760Kb used=1462Kb max_used=1564Kb free=4297Kb
 bounds [0x0000018933e30000, 0x00000189340a0000, 0x00000189343d0000]
 total_blobs=21933 nmethods=21113 adapters=728
 compilation: enabled
              stopped_count=0, restarted_count=0
 full_count=0

Compilation events (20 events):
Event: 7667.874 Thread 0x000001893dafea30 31847       3       com.google.gson.internal.bind.JsonTreeReader::nextBoolean (42 bytes)
Event: 7667.875 Thread 0x000001893dafea30 nmethod 31847 0x000001892da6ff90 code [0x000001892da701a0, 0x000001892da70858]
Event: 7670.232 Thread 0x000001893dad1750 31849       4       java.lang.invoke.VarHandleReferences$Array::runtimeTypeCheck (26 bytes)
Event: 7670.235 Thread 0x000001893dad1750 nmethod 31849 0x00000189356a1a90 code [0x00000189356a1c00, 0x00000189356a1d18]
Event: 7694.719 Thread 0x000001893dafea30 31850   !   3       org.eclipse.osgi.internal.framework.StorageSaver$StorageSaverTask::run (31 bytes)
Event: 7694.722 Thread 0x000001893dafea30 nmethod 31850 0x000001892e3f9290 code [0x000001892e3f9460, 0x000001892e3f96f8]
Event: 7694.722 Thread 0x000001893dafea30 31851   !   3       org.eclipse.osgi.storage.Storage::save (62 bytes)
Event: 7694.723 Thread 0x000001893dafea30 nmethod 31851 0x000001892e695d10 code [0x000001892e695f60, 0x000001892e696978]
Event: 7694.723 Thread 0x000001893dafea30 31852   !   3       org.eclipse.osgi.storage.Storage::save0 (246 bytes)
Event: 7694.727 Thread 0x000001893dafea30 nmethod 31852 0x000001892d9b8710 code [0x000001892d9b8be0, 0x000001892d9bb758]
Event: 8307.768 Thread 0x000001893dafea30 31853       3       java.lang.invoke.VarHandle::acquireFence (7 bytes)
Event: 8307.768 Thread 0x000001893dafea30 nmethod 31853 0x000001892d91ce90 code [0x000001892d91d020, 0x000001892d91d118]
Event: 8307.772 Thread 0x000001893dafea30 31855       3       java.io.ObjectStreamClass::forClass (52 bytes)
Event: 8307.922 Thread 0x000001893dafea30 nmethod 31855 0x000001892e6a1e10 code [0x000001892e6a22c0, 0x000001892e6a4a88]
Event: 8821.480 Thread 0x000001893dafea30 31856       3       java.lang.ProcessHandleImpl::get (51 bytes)
Event: 8821.512 Thread 0x000001893dafea30 nmethod 31856 0x000001892f0e6590 code [0x000001892f0e67e0, 0x000001892f0e71c8]
Event: 10531.935 Thread 0x000001893dafea30 31858       3       java.util.logging.LogManager::demandLogger (23 bytes)
Event: 10532.645 Thread 0x000001893dafea30 nmethod 31858 0x000001892ddc1d10 code [0x000001892ddc1ec0, 0x000001892ddc2068]
Event: 18021.366 Thread 0x000001893dad1750 31861       4       org.eclipse.jdt.internal.codeassist.select.SelectionParser::getUnspecifiedReferenceOptimized (38 bytes)
Event: 18021.423 Thread 0x000001893dad1750 nmethod 31861 0x0000018936125290 code [0x0000018936125420, 0x0000018936125648]

GC Heap History (20 events):
Event: 18019.320 GC heap after
{Heap after GC invocations=24794 (full 482):
 PSYoungGen      total 7168K, used 421K [0x00000000eab00000, 0x00000000eb600000, 0x0000000100000000)
  eden space 4608K, 0% used [0x00000000eab00000,0x00000000eab00000,0x00000000eaf80000)
  from space 2560K, 16% used [0x00000000eb180000,0x00000000eb1e95a0,0x00000000eb400000)
  to   space 1024K, 0% used [0x00000000eb500000,0x00000000eb500000,0x00000000eb600000)
 ParOldGen       total 270336K, used 257032K [0x00000000c0000000, 0x00000000d0800000, 0x00000000eab00000)
  object space 270336K, 95% used [0x00000000c0000000,0x00000000cfb02330,0x00000000d0800000)
 Metaspace       used 98911K, committed 100096K, reserved 1179648K
  class space    used 9609K, committed 10112K, reserved 1048576K
}
Event: 18020.653 GC heap before
{Heap before GC invocations=24795 (full 482):
 PSYoungGen      total 7168K, used 5029K [0x00000000eab00000, 0x00000000eb600000, 0x0000000100000000)
  eden space 4608K, 100% used [0x00000000eab00000,0x00000000eaf80000,0x00000000eaf80000)
  from space 2560K, 16% used [0x00000000eb180000,0x00000000eb1e95a0,0x00000000eb400000)
  to   space 1024K, 0% used [0x00000000eb500000,0x00000000eb500000,0x00000000eb600000)
 ParOldGen       total 270336K, used 257032K [0x00000000c0000000, 0x00000000d0800000, 0x00000000eab00000)
  object space 270336K, 95% used [0x00000000c0000000,0x00000000cfb02330,0x00000000d0800000)
 Metaspace       used 98911K, committed 100096K, reserved 1179648K
  class space    used 9609K, committed 10112K, reserved 1048576K
}
Event: 18020.663 GC heap after
{Heap after GC invocations=24795 (full 482):
 PSYoungGen      total 5632K, used 624K [0x00000000eab00000, 0x00000000eb600000, 0x0000000100000000)
  eden space 4608K, 0% used [0x00000000eab00000,0x00000000eab00000,0x00000000eaf80000)
  from space 1024K, 60% used [0x00000000eb500000,0x00000000eb59c030,0x00000000eb600000)
  to   space 1024K, 0% used [0x00000000eb400000,0x00000000eb400000,0x00000000eb500000)
 ParOldGen       total 270336K, used 257056K [0x00000000c0000000, 0x00000000d0800000, 0x00000000eab00000)
  object space 270336K, 95% used [0x00000000c0000000,0x00000000cfb08330,0x00000000d0800000)
 Metaspace       used 98911K, committed 100096K, reserved 1179648K
  class space    used 9609K, committed 10112K, reserved 1048576K
}
Event: 18020.905 GC heap before
{Heap before GC invocations=24796 (full 482):
 PSYoungGen      total 5632K, used 5232K [0x00000000eab00000, 0x00000000eb600000, 0x0000000100000000)
  eden space 4608K, 99% used [0x00000000eab00000,0x00000000eaf7ffd8,0x00000000eaf80000)
  from space 1024K, 60% used [0x00000000eb500000,0x00000000eb59c030,0x00000000eb600000)
  to   space 1024K, 0% used [0x00000000eb400000,0x00000000eb400000,0x00000000eb500000)
 ParOldGen       total 270336K, used 257056K [0x00000000c0000000, 0x00000000d0800000, 0x00000000eab00000)
  object space 270336K, 95% used [0x00000000c0000000,0x00000000cfb08330,0x00000000d0800000)
 Metaspace       used 98911K, committed 100096K, reserved 1179648K
  class space    used 9609K, committed 10112K, reserved 1048576K
}
Event: 18020.917 GC heap after
{Heap after GC invocations=24796 (full 482):
 PSYoungGen      total 5632K, used 992K [0x00000000eab00000, 0x00000000eb580000, 0x0000000100000000)
  eden space 4608K, 0% used [0x00000000eab00000,0x00000000eab00000,0x00000000eaf80000)
  from space 1024K, 96% used [0x00000000eb400000,0x00000000eb4f8020,0x00000000eb500000)
  to   space 512K, 0% used [0x00000000eb500000,0x00000000eb500000,0x00000000eb580000)
 ParOldGen       total 270336K, used 257970K [0x00000000c0000000, 0x00000000d0800000, 0x00000000eab00000)
  object space 270336K, 95% used [0x00000000c0000000,0x00000000cfbecab0,0x00000000d0800000)
 Metaspace       used 98911K, committed 100096K, reserved 1179648K
  class space    used 9609K, committed 10112K, reserved 1048576K
}
Event: 18021.100 GC heap before
{Heap before GC invocations=24797 (full 482):
 PSYoungGen      total 5632K, used 5599K [0x00000000eab00000, 0x00000000eb580000, 0x0000000100000000)
  eden space 4608K, 99% used [0x00000000eab00000,0x00000000eaf7ff90,0x00000000eaf80000)
  from space 1024K, 96% used [0x00000000eb400000,0x00000000eb4f8020,0x00000000eb500000)
  to   space 512K, 0% used [0x00000000eb500000,0x00000000eb500000,0x00000000eb580000)
 ParOldGen       total 270336K, used 257970K [0x00000000c0000000, 0x00000000d0800000, 0x00000000eab00000)
  object space 270336K, 95% used [0x00000000c0000000,0x00000000cfbecab0,0x00000000d0800000)
 Metaspace       used 98911K, committed 100096K, reserved 1179648K
  class space    used 9609K, committed 10112K, reserved 1048576K
}
Event: 18021.115 GC heap after
{Heap after GC invocations=24797 (full 482):
 PSYoungGen      total 5120K, used 480K [0x00000000eab00000, 0x00000000eb580000, 0x0000000100000000)
  eden space 4608K, 0% used [0x00000000eab00000,0x00000000eab00000,0x00000000eaf80000)
  from space 512K, 93% used [0x00000000eb500000,0x00000000eb578020,0x00000000eb580000)
  to   space 2560K, 0% used [0x00000000eb080000,0x00000000eb080000,0x00000000eb300000)
 ParOldGen       total 270336K, used 259892K [0x00000000c0000000, 0x00000000d0800000, 0x00000000eab00000)
  object space 270336K, 96% used [0x00000000c0000000,0x00000000cfdcd028,0x00000000d0800000)
 Metaspace       used 98911K, committed 100096K, reserved 1179648K
  class space    used 9609K, committed 10112K, reserved 1048576K
}
Event: 18021.159 GC heap before
{Heap before GC invocations=24798 (full 482):
 PSYoungGen      total 5120K, used 5088K [0x00000000eab00000, 0x00000000eb580000, 0x0000000100000000)
  eden space 4608K, 99% used [0x00000000eab00000,0x00000000eaf7fff8,0x00000000eaf80000)
  from space 512K, 93% used [0x00000000eb500000,0x00000000eb578020,0x00000000eb580000)
  to   space 2560K, 0% used [0x00000000eb080000,0x00000000eb080000,0x00000000eb300000)
 ParOldGen       total 270336K, used 259892K [0x00000000c0000000, 0x00000000d0800000, 0x00000000eab00000)
  object space 270336K, 96% used [0x00000000c0000000,0x00000000cfdcd028,0x00000000d0800000)
 Metaspace       used 98911K, committed 100096K, reserved 1179648K
  class space    used 9609K, committed 10112K, reserved 1048576K
}
Event: 18021.168 GC heap after
{Heap after GC invocations=24798 (full 482):
 PSYoungGen      total 7168K, used 1456K [0x00000000eab00000, 0x00000000eb580000, 0x0000000100000000)
  eden space 4608K, 0% used [0x00000000eab00000,0x00000000eab00000,0x00000000eaf80000)
  from space 2560K, 56% used [0x00000000eb080000,0x00000000eb1ec050,0x00000000eb300000)
  to   space 2048K, 0% used [0x00000000eb380000,0x00000000eb380000,0x00000000eb580000)
 ParOldGen       total 270336K, used 260387K [0x00000000c0000000, 0x00000000d0800000, 0x00000000eab00000)
  object space 270336K, 96% used [0x00000000c0000000,0x00000000cfe48d90,0x00000000d0800000)
 Metaspace       used 98911K, committed 100096K, reserved 1179648K
  class space    used 9609K, committed 10112K, reserved 1048576K
}
Event: 18021.188 GC heap before
{Heap before GC invocations=24799 (full 482):
 PSYoungGen      total 7168K, used 6064K [0x00000000eab00000, 0x00000000eb580000, 0x0000000100000000)
  eden space 4608K, 100% used [0x00000000eab00000,0x00000000eaf80000,0x00000000eaf80000)
  from space 2560K, 56% used [0x00000000eb080000,0x00000000eb1ec050,0x00000000eb300000)
  to   space 2048K, 0% used [0x00000000eb380000,0x00000000eb380000,0x00000000eb580000)
 ParOldGen       total 270336K, used 260387K [0x00000000c0000000, 0x00000000d0800000, 0x00000000eab00000)
  object space 270336K, 96% used [0x00000000c0000000,0x00000000cfe48d90,0x00000000d0800000)
 Metaspace       used 98911K, committed 100096K, reserved 1179648K
  class space    used 9609K, committed 10112K, reserved 1048576K
}
Event: 18021.201 GC heap after
{Heap after GC invocations=24799 (full 482):
 PSYoungGen      total 6656K, used 1568K [0x00000000eab00000, 0x00000000eb580000, 0x0000000100000000)
  eden space 4608K, 0% used [0x00000000eab00000,0x00000000eab00000,0x00000000eaf80000)
  from space 2048K, 76% used [0x00000000eb380000,0x00000000eb508020,0x00000000eb580000)
  to   space 2048K, 0% used [0x00000000eb180000,0x00000000eb180000,0x00000000eb380000)
 ParOldGen       total 270336K, used 261787K [0x00000000c0000000, 0x00000000d0800000, 0x00000000eab00000)
  object space 270336K, 96% used [0x00000000c0000000,0x00000000cffa6e40,0x00000000d0800000)
 Metaspace       used 98911K, committed 100096K, reserved 1179648K
  class space    used 9609K, committed 10112K, reserved 1048576K
}
Event: 18021.224 GC heap before
{Heap before GC invocations=24800 (full 482):
 PSYoungGen      total 6656K, used 6176K [0x00000000eab00000, 0x00000000eb580000, 0x0000000100000000)
  eden space 4608K, 100% used [0x00000000eab00000,0x00000000eaf80000,0x00000000eaf80000)
  from space 2048K, 76% used [0x00000000eb380000,0x00000000eb508020,0x00000000eb580000)
  to   space 2048K, 0% used [0x00000000eb180000,0x00000000eb180000,0x00000000eb380000)
 ParOldGen       total 270336K, used 261787K [0x00000000c0000000, 0x00000000d0800000, 0x00000000eab00000)
  object space 270336K, 96% used [0x00000000c0000000,0x00000000cffa6e40,0x00000000d0800000)
 Metaspace       used 98911K, committed 100096K, reserved 1179648K
  class space    used 9609K, committed 10112K, reserved 1048576K
}
Event: 18021.238 GC heap after
{Heap after GC invocations=24800 (full 482):
 PSYoungGen      total 7168K, used 1296K [0x00000000eab00000, 0x00000000eb400000, 0x0000000100000000)
  eden space 5632K, 0% used [0x00000000eab00000,0x00000000eab00000,0x00000000eb080000)
  from space 1536K, 84% used [0x00000000eb180000,0x00000000eb2c4010,0x00000000eb300000)
  to   space 1024K, 0% used [0x00000000eb300000,0x00000000eb300000,0x00000000eb400000)
 ParOldGen       total 270336K, used 263274K [0x00000000c0000000, 0x00000000d0800000, 0x00000000eab00000)
  object space 270336K, 97% used [0x00000000c0000000,0x00000000d011abc8,0x00000000d0800000)
 Metaspace       used 98911K, committed 100096K, reserved 1179648K
  class space    used 9609K, committed 10112K, reserved 1048576K
}
Event: 18021.335 GC heap before
{Heap before GC invocations=24801 (full 482):
 PSYoungGen      total 7168K, used 6928K [0x00000000eab00000, 0x00000000eb400000, 0x0000000100000000)
  eden space 5632K, 100% used [0x00000000eab00000,0x00000000eb080000,0x00000000eb080000)
  from space 1536K, 84% used [0x00000000eb180000,0x00000000eb2c4010,0x00000000eb300000)
  to   space 1024K, 0% used [0x00000000eb300000,0x00000000eb300000,0x00000000eb400000)
 ParOldGen       total 270336K, used 263274K [0x00000000c0000000, 0x00000000d0800000, 0x00000000eab00000)
  object space 270336K, 97% used [0x00000000c0000000,0x00000000d011abc8,0x00000000d0800000)
 Metaspace       used 98911K, committed 100096K, reserved 1179648K
  class space    used 9609K, committed 10112K, reserved 1048576K
}
Event: 18021.348 GC heap after
{Heap after GC invocations=24801 (full 482):
 PSYoungGen      total 6656K, used 997K [0x00000000eab00000, 0x00000000eb580000, 0x0000000100000000)
  eden space 5632K, 0% used [0x00000000eab00000,0x00000000eab00000,0x00000000eb080000)
  from space 1024K, 97% used [0x00000000eb300000,0x00000000eb3f96f0,0x00000000eb400000)
  to   space 2560K, 0% used [0x00000000eb080000,0x00000000eb080000,0x00000000eb300000)
 ParOldGen       total 270336K, used 264558K [0x00000000c0000000, 0x00000000d0800000, 0x00000000eab00000)
  object space 270336K, 97% used [0x00000000c0000000,0x00000000d025b920,0x00000000d0800000)
 Metaspace       used 98911K, committed 100096K, reserved 1179648K
  class space    used 9609K, committed 10112K, reserved 1048576K
}
Event: 18021.383 GC heap before
{Heap before GC invocations=24802 (full 482):
 PSYoungGen      total 6656K, used 6629K [0x00000000eab00000, 0x00000000eb580000, 0x0000000100000000)
  eden space 5632K, 100% used [0x00000000eab00000,0x00000000eb080000,0x00000000eb080000)
  from space 1024K, 97% used [0x00000000eb300000,0x00000000eb3f96f0,0x00000000eb400000)
  to   space 2560K, 0% used [0x00000000eb080000,0x00000000eb080000,0x00000000eb300000)
 ParOldGen       total 270336K, used 264558K [0x00000000c0000000, 0x00000000d0800000, 0x00000000eab00000)
  object space 270336K, 97% used [0x00000000c0000000,0x00000000d025b920,0x00000000d0800000)
 Metaspace       used 98911K, committed 100096K, reserved 1179648K
  class space    used 9609K, committed 10112K, reserved 1048576K
}
Event: 18021.399 GC heap after
{Heap after GC invocations=24802 (full 482):
 PSYoungGen      total 8192K, used 2544K [0x00000000eab00000, 0x00000000ebd00000, 0x0000000100000000)
  eden space 5632K, 0% used [0x00000000eab00000,0x00000000eab00000,0x00000000eb080000)
  from space 2560K, 99% used [0x00000000eb080000,0x00000000eb2fc010,0x00000000eb300000)
  to   space 5632K, 0% used [0x00000000eb780000,0x00000000eb780000,0x00000000ebd00000)
 ParOldGen       total 270336K, used 266738K [0x00000000c0000000, 0x00000000d0800000, 0x00000000eab00000)
  object space 270336K, 98% used [0x00000000c0000000,0x00000000d047cbb0,0x00000000d0800000)
 Metaspace       used 98911K, committed 100096K, reserved 1179648K
  class space    used 9609K, committed 10112K, reserved 1048576K
}
Event: 18021.449 GC heap before
{Heap before GC invocations=24803 (full 482):
 PSYoungGen      total 8192K, used 8176K [0x00000000eab00000, 0x00000000ebd00000, 0x0000000100000000)
  eden space 5632K, 99% used [0x00000000eab00000,0x00000000eb07fff8,0x00000000eb080000)
  from space 2560K, 99% used [0x00000000eb080000,0x00000000eb2fc010,0x00000000eb300000)
  to   space 5632K, 0% used [0x00000000eb780000,0x00000000eb780000,0x00000000ebd00000)
 ParOldGen       total 270336K, used 266738K [0x00000000c0000000, 0x00000000d0800000, 0x00000000eab00000)
  object space 270336K, 98% used [0x00000000c0000000,0x00000000d047cbb0,0x00000000d0800000)
 Metaspace       used 98911K, committed 100096K, reserved 1179648K
  class space    used 9609K, committed 10112K, reserved 1048576K
}
Event: 18021.470 GC heap after
{Heap after GC invocations=24803 (full 482):
 PSYoungGen      total 9216K, used 1920K [0x00000000eab00000, 0x00000000eb980000, 0x0000000100000000)
  eden space 7168K, 0% used [0x00000000eab00000,0x00000000eab00000,0x00000000eb200000)
  from space 2048K, 93% used [0x00000000eb780000,0x00000000eb960020,0x00000000eb980000)
  to   space 3072K, 0% used [0x00000000eb380000,0x00000000eb380000,0x00000000eb680000)
 ParOldGen       total 270336K, used 269258K [0x00000000c0000000, 0x00000000d0800000, 0x00000000eab00000)
  object space 270336K, 99% used [0x00000000c0000000,0x00000000d06f2990,0x00000000d0800000)
 Metaspace       used 98911K, committed 100096K, reserved 1179648K
  class space    used 9609K, committed 10112K, reserved 1048576K
}
Event: 18021.470 GC heap before
{Heap before GC invocations=24804 (full 483):
 PSYoungGen      total 9216K, used 1920K [0x00000000eab00000, 0x00000000eb980000, 0x0000000100000000)
  eden space 7168K, 0% used [0x00000000eab00000,0x00000000eab00000,0x00000000eb200000)
  from space 2048K, 93% used [0x00000000eb780000,0x00000000eb960020,0x00000000eb980000)
  to   space 3072K, 0% used [0x00000000eb380000,0x00000000eb380000,0x00000000eb680000)
 ParOldGen       total 270336K, used 269258K [0x00000000c0000000, 0x00000000d0800000, 0x00000000eab00000)
  object space 270336K, 99% used [0x00000000c0000000,0x00000000d06f2990,0x00000000d0800000)
 Metaspace       used 98911K, committed 100096K, reserved 1179648K
  class space    used 9609K, committed 10112K, reserved 1048576K
}

Dll operation events (12 events):
Event: 0.032 Loaded shared library c:\Users\This pc\.vscode\extensions\redhat.java-1.32.0-win32-x64\jre\17.0.11-win32-x86_64\bin\java.dll
Event: 0.793 Loaded shared library c:\Users\This pc\.vscode\extensions\redhat.java-1.32.0-win32-x64\jre\17.0.11-win32-x86_64\bin\zip.dll
Event: 0.804 Loaded shared library C:\Users\This pc\.vscode\extensions\redhat.java-1.32.0-win32-x64\jre\17.0.11-win32-x86_64\bin\instrument.dll
Event: 0.842 Loaded shared library C:\Users\This pc\.vscode\extensions\redhat.java-1.32.0-win32-x64\jre\17.0.11-win32-x86_64\bin\net.dll
Event: 0.847 Loaded shared library C:\Users\This pc\.vscode\extensions\redhat.java-1.32.0-win32-x64\jre\17.0.11-win32-x86_64\bin\nio.dll
Event: 0.891 Loaded shared library C:\Users\This pc\.vscode\extensions\redhat.java-1.32.0-win32-x64\jre\17.0.11-win32-x86_64\bin\zip.dll
Event: 0.946 Loaded shared library C:\Users\This pc\.vscode\extensions\redhat.java-1.32.0-win32-x64\jre\17.0.11-win32-x86_64\bin\jimage.dll
Event: 1.215 Loaded shared library c:\Users\This pc\.vscode\extensions\redhat.java-1.32.0-win32-x64\jre\17.0.11-win32-x86_64\bin\verify.dll
Event: 8.142 Loaded shared library C:\Users\This pc\AppData\Roaming\Code\User\globalStorage\redhat.java\1.32.0\config_win\org.eclipse.equinox.launcher\org.eclipse.equinox.launcher.win32.win32.x86_64_1.2.1100.v20240613-2013\eclipse_11903.dll
Event: 47.605 Loaded shared library C:\Users\This pc\AppData\Local\Temp\jna-318759573\jna11977726510452706591.dll
Event: 639.279 Loaded shared library C:\Users\This pc\.vscode\extensions\redhat.java-1.32.0-win32-x64\jre\17.0.11-win32-x86_64\bin\sunmscapi.dll
Event: 640.194 Loaded shared library C:\Users\This pc\.vscode\extensions\redhat.java-1.32.0-win32-x64\jre\17.0.11-win32-x86_64\bin\extnet.dll

Deoptimization events (20 events):
Event: 7639.816 Thread 0x0000018956b1f9c0 Uncommon trap: trap_request=0xffffffe4 fr.pc=0x0000018935e1feec relative=0x000000000000138c
Event: 7639.816 Thread 0x0000018956b1f9c0 Uncommon trap: reason=range_check action=make_not_entrant pc=0x0000018935e1feec method=org.eclipse.jdt.internal.compiler.parser.Scanner.jumpOverBody()V @ 36 c2
Event: 7639.816 Thread 0x0000018956b1f9c0 DEOPT PACKING pc=0x0000018935e1feec sp=0x00000003546bebc0
Event: 7639.816 Thread 0x0000018956b1f9c0 DEOPT UNPACKING pc=0x0000018933e866a3 sp=0x00000003546beb78 mode 2
Event: 7639.816 Thread 0x0000018956b1f9c0 Uncommon trap: trap_request=0xffffff45 fr.pc=0x0000018935498bd4 relative=0x0000000000002af4
Event: 7639.816 Thread 0x0000018956b1f9c0 Uncommon trap: reason=unstable_if action=reinterpret pc=0x0000018935498bd4 method=org.eclipse.jdt.internal.compiler.parser.Scanner.getNextToken0()I @ 29 c2
Event: 7639.816 Thread 0x0000018956b1f9c0 DEOPT PACKING pc=0x0000018935498bd4 sp=0x00000003546bec60
Event: 7639.816 Thread 0x0000018956b1f9c0 DEOPT UNPACKING pc=0x0000018933e866a3 sp=0x00000003546bec00 mode 2
Event: 7639.958 Thread 0x0000018956b1e580 DEOPT PACKING pc=0x000001892f3e5396 sp=0x00000003548be6a0
Event: 7639.958 Thread 0x0000018956b1e580 DEOPT UNPACKING pc=0x0000018933e86e43 sp=0x00000003548bdbb8 mode 0
Event: 7640.046 Thread 0x0000018956b1e580 Uncommon trap: trap_request=0xffffffe4 fr.pc=0x0000018934a1ec7c relative=0x0000000000000dfc
Event: 7640.046 Thread 0x0000018956b1e580 Uncommon trap: reason=range_check action=make_not_entrant pc=0x0000018934a1ec7c method=org.eclipse.jdt.internal.compiler.parser.Scanner.jumpOverBody()V @ 36 c2
Event: 7640.046 Thread 0x0000018956b1e580 DEOPT PACKING pc=0x0000018934a1ec7c sp=0x00000003548be410
Event: 7640.046 Thread 0x0000018956b1e580 DEOPT UNPACKING pc=0x0000018933e866a3 sp=0x00000003548be3b8 mode 2
Event: 7640.319 Thread 0x0000018956b1f9c0 DEOPT PACKING pc=0x000001892f3e5396 sp=0x00000003546be5e0
Event: 7640.319 Thread 0x0000018956b1f9c0 DEOPT UNPACKING pc=0x0000018933e86e43 sp=0x00000003546bdaf8 mode 0
Event: 18021.437 Thread 0x00000189451cbe00 Uncommon trap: trap_request=0xffffff45 fr.pc=0x00000189350a89cc relative=0x000000000000020c
Event: 18021.438 Thread 0x00000189451cbe00 Uncommon trap: reason=unstable_if action=reinterpret pc=0x00000189350a89cc method=org.eclipse.core.runtime.SubMonitor$RootInfo.checkForCancellation()V @ 9 c2
Event: 18021.438 Thread 0x00000189451cbe00 DEOPT PACKING pc=0x00000189350a89cc sp=0x000000034fbfeab0
Event: 18021.441 Thread 0x00000189451cbe00 DEOPT UNPACKING pc=0x0000018933e866a3 sp=0x000000034fbfe988 mode 2

Classes unloaded (20 events):
Event: 4318.567 Thread 0x0000018929d11340 Unloading class 0x0000000100222000 'java/lang/invoke/LambdaForm$MH+0x0000000100222000'
Event: 4318.567 Thread 0x0000018929d11340 Unloading class 0x0000000100221c00 'java/lang/invoke/LambdaForm$MH+0x0000000100221c00'
Event: 4318.567 Thread 0x0000018929d11340 Unloading class 0x0000000100221800 'java/lang/invoke/LambdaForm$MH+0x0000000100221800'
Event: 4318.567 Thread 0x0000018929d11340 Unloading class 0x0000000100721000 'java/lang/invoke/LambdaForm$MH+0x0000000100721000'
Event: 4318.567 Thread 0x0000018929d11340 Unloading class 0x0000000100198800 'java/lang/invoke/LambdaForm$MH+0x0000000100198800'
Event: 4318.567 Thread 0x0000018929d11340 Unloading class 0x000000010032f000 'java/lang/invoke/LambdaForm$MH+0x000000010032f000'
Event: 4318.567 Thread 0x0000018929d11340 Unloading class 0x0000000100330800 'java/lang/invoke/LambdaForm$MH+0x0000000100330800'
Event: 4318.567 Thread 0x0000018929d11340 Unloading class 0x0000000100331000 'java/lang/invoke/LambdaForm$MH+0x0000000100331000'
Event: 4318.567 Thread 0x0000018929d11340 Unloading class 0x0000000100331800 'java/lang/invoke/LambdaForm$MH+0x0000000100331800'
Event: 4318.567 Thread 0x0000018929d11340 Unloading class 0x0000000100764400 'java/lang/invoke/LambdaForm$MH+0x0000000100764400'
Event: 4318.567 Thread 0x0000018929d11340 Unloading class 0x00000001007b9800 'java/lang/invoke/LambdaForm$MH+0x00000001007b9800'
Event: 5835.633 Thread 0x0000018929d11340 Unloading class 0x00000001007b9800 'java/lang/invoke/LambdaForm$MH+0x00000001007b9800'
Event: 5835.633 Thread 0x0000018929d11340 Unloading class 0x0000000100764400 'java/lang/invoke/LambdaForm$MH+0x0000000100764400'
Event: 5835.633 Thread 0x0000018929d11340 Unloading class 0x0000000100331800 'java/lang/invoke/LambdaForm$MH+0x0000000100331800'
Event: 5835.633 Thread 0x0000018929d11340 Unloading class 0x0000000100331000 'java/lang/invoke/LambdaForm$MH+0x0000000100331000'
Event: 6251.756 Thread 0x0000018929d11340 Unloading class 0x0000000100198800 'jdk/internal/reflect/GeneratedConstructorAccessor81'
Event: 6251.756 Thread 0x0000018929d11340 Unloading class 0x000000010027d400 'jdk/internal/reflect/GeneratedConstructorAccessor79'
Event: 7235.079 Thread 0x0000018929d11340 Unloading class 0x00000001007b9800 'java/lang/invoke/LambdaForm$MH+0x00000001007b9800'
Event: 7235.079 Thread 0x0000018929d11340 Unloading class 0x000000010027d400 'java/lang/invoke/LambdaForm$MH+0x000000010027d400'
Event: 7235.079 Thread 0x0000018929d11340 Unloading class 0x0000000100198800 'java/lang/invoke/LambdaForm$MH+0x0000000100198800'

Classes redefined (0 events):
No events

Internal exceptions (20 events):
Event: 7643.872 Thread 0x0000018943a2f310 Exception <a 'sun/nio/fs/WindowsException'{0x00000000ead952d8}> (0x00000000ead952d8) 
thrown [s\src\hotspot\share\prims\jni.cpp, line 516]
Event: 7645.719 Thread 0x0000018943a2f310 Exception <a 'sun/nio/fs/WindowsException'{0x00000000eab521e8}> (0x00000000eab521e8) 
thrown [s\src\hotspot\share\prims\jni.cpp, line 516]
Event: 7646.412 Thread 0x0000018943a2f310 Exception <a 'sun/nio/fs/WindowsException'{0x00000000eac5db68}> (0x00000000eac5db68) 
thrown [s\src\hotspot\share\prims\jni.cpp, line 516]
Event: 7659.433 Thread 0x0000018943a2f310 Exception <a 'sun/nio/fs/WindowsException'{0x00000000eab2b5b0}> (0x00000000eab2b5b0) 
thrown [s\src\hotspot\share\prims\jni.cpp, line 516]
Event: 7659.610 Thread 0x0000018943a2f310 Exception <a 'sun/nio/fs/WindowsException'{0x00000000eac25c08}> (0x00000000eac25c08) 
thrown [s\src\hotspot\share\prims\jni.cpp, line 516]
Event: 7662.163 Thread 0x0000018943a2f310 Exception <a 'sun/nio/fs/WindowsException'{0x00000000eac45f00}> (0x00000000eac45f00) 
thrown [s\src\hotspot\share\prims\jni.cpp, line 516]
Event: 7662.346 Thread 0x0000018943a2f310 Exception <a 'sun/nio/fs/WindowsException'{0x00000000eac049e8}> (0x00000000eac049e8) 
thrown [s\src\hotspot\share\prims\jni.cpp, line 516]
Event: 7667.796 Thread 0x00000189432b13d0 Exception <a 'sun/nio/fs/WindowsException'{0x00000000eab9be38}> (0x00000000eab9be38) 
thrown [s\src\hotspot\share\prims\jni.cpp, line 516]
Event: 7667.796 Thread 0x00000189432b13d0 Exception <a 'sun/nio/fs/WindowsException'{0x00000000eab9c660}> (0x00000000eab9c660) 
thrown [s\src\hotspot\share\prims\jni.cpp, line 516]
Event: 7667.804 Thread 0x00000189432b13d0 Exception <a 'sun/nio/fs/WindowsException'{0x00000000eab9d758}> (0x00000000eab9d758) 
thrown [s\src\hotspot\share\prims\jni.cpp, line 516]
Event: 7667.804 Thread 0x00000189432b13d0 Exception <a 'sun/nio/fs/WindowsException'{0x00000000eab9e208}> (0x00000000eab9e208) 
thrown [s\src\hotspot\share\prims\jni.cpp, line 516]
Event: 7667.806 Thread 0x00000189432b13d0 Exception <a 'sun/nio/fs/WindowsException'{0x00000000eaba1cb0}> (0x00000000eaba1cb0) 
thrown [s\src\hotspot\share\prims\jni.cpp, line 516]
Event: 7667.806 Thread 0x00000189432b13d0 Exception <a 'sun/nio/fs/WindowsException'{0x00000000eaba24b8}> (0x00000000eaba24b8) 
thrown [s\src\hotspot\share\prims\jni.cpp, line 516]
Event: 7667.883 Thread 0x0000018956b1e070 Exception <a 'sun/nio/fs/WindowsException'{0x00000000eac52118}> (0x00000000eac52118) 
thrown [s\src\hotspot\share\prims\jni.cpp, line 516]
Event: 7667.885 Thread 0x0000018956b1e070 Exception <a 'sun/nio/fs/WindowsException'{0x00000000eac52408}> (0x00000000eac52408) 
thrown [s\src\hotspot\share\prims\jni.cpp, line 516]
Event: 7667.885 Thread 0x0000018956b1e070 Exception <a 'sun/nio/fs/WindowsException'{0x00000000eac53028}> (0x00000000eac53028) 
thrown [s\src\hotspot\share\prims\jni.cpp, line 516]
Event: 7667.885 Thread 0x0000018956b1e070 Exception <a 'sun/nio/fs/WindowsException'{0x00000000eac53318}> (0x00000000eac53318) 
thrown [s\src\hotspot\share\prims\jni.cpp, line 516]
Event: 18017.611 Thread 0x0000018943a2f310 Exception <a 'sun/nio/fs/WindowsException'{0x00000000eab41410}> (0x00000000eab41410) 
thrown [s\src\hotspot\share\prims\jni.cpp, line 516]
Event: 18018.206 Thread 0x0000018943a2f310 Exception <a 'sun/nio/fs/WindowsException'{0x00000000eac78138}> (0x00000000eac78138) 
thrown [s\src\hotspot\share\prims\jni.cpp, line 516]
Event: 18019.344 Thread 0x00000189451c6d00 Exception <a 'sun/nio/fs/WindowsException'{0x00000000eab21a40}> (0x00000000eab21a40) 
thrown [s\src\hotspot\share\prims\jni.cpp, line 516]

VM Operations (20 events):
Event: 18018.802 Executing VM operation: ParallelGCFailedAllocation done
Event: 18019.315 Executing VM operation: ParallelGCFailedAllocation
Event: 18019.320 Executing VM operation: ParallelGCFailedAllocation done
Event: 18020.653 Executing VM operation: ParallelGCFailedAllocation
Event: 18020.664 Executing VM operation: ParallelGCFailedAllocation done
Event: 18020.900 Executing VM operation: ParallelGCFailedAllocation
Event: 18020.917 Executing VM operation: ParallelGCFailedAllocation done
Event: 18021.095 Executing VM operation: ParallelGCFailedAllocation
Event: 18021.115 Executing VM operation: ParallelGCFailedAllocation done
Event: 18021.134 Executing VM operation: ParallelGCFailedAllocation
Event: 18021.169 Executing VM operation: ParallelGCFailedAllocation done
Event: 18021.187 Executing VM operation: ParallelGCFailedAllocation
Event: 18021.203 Executing VM operation: ParallelGCFailedAllocation done
Event: 18021.224 Executing VM operation: ParallelGCFailedAllocation
Event: 18021.238 Executing VM operation: ParallelGCFailedAllocation done
Event: 18021.334 Executing VM operation: ParallelGCFailedAllocation
Event: 18021.349 Executing VM operation: ParallelGCFailedAllocation done
Event: 18021.382 Executing VM operation: ParallelGCFailedAllocation
Event: 18021.400 Executing VM operation: ParallelGCFailedAllocation done
Event: 18021.449 Executing VM operation: ParallelGCFailedAllocation

Events (20 events):
Event: 8307.976 Thread 0x0000018956b1f9c0 Thread exited: 0x0000018956b1f9c0
Event: 8326.832 Thread 0x00000189451c7720 Thread exited: 0x00000189451c7720
Event: 8386.836 Thread 0x00000189472db290 Thread exited: 0x00000189472db290
Event: 8446.842 Thread 0x0000018956b1e580 Thread exited: 0x0000018956b1e580
Event: 8506.848 Thread 0x00000189451c58c0 Thread exited: 0x00000189451c58c0
Event: 8566.876 Thread 0x0000018956b1f4b0 Thread exited: 0x0000018956b1f4b0
Event: 10235.464 Thread 0x000001894342fbb0 Thread added: 0x000001894342fbb0
Event: 10295.469 Thread 0x00000189451cbe00 Thread exited: 0x00000189451cbe00
Event: 17749.318 Thread 0x0000018943430ae0 Thread added: 0x0000018943430ae0
Event: 17749.326 Thread 0x0000018945d5c350 Thread exited: 0x0000018945d5c350
Event: 17988.253 Thread 0x00000189451cbe00 Thread added: 0x00000189451cbe00
Event: 18017.855 Thread 0x00000189451cc310 Thread added: 0x00000189451cc310
Event: 18017.877 Thread 0x00000189451c58c0 Thread added: 0x00000189451c58c0
Event: 18017.920 Thread 0x00000189451c6d00 Thread added: 0x00000189451c6d00
Event: 18017.980 Thread 0x00000189451c7720 Thread added: 0x00000189451c7720
Event: 18017.996 Thread 0x00000189451c7720 Thread exited: 0x00000189451c7720
Event: 18018.002 Thread 0x00000189451c7720 Thread added: 0x00000189451c7720
Event: 18019.322 Thread 0x0000018956b1e580 Thread added: 0x0000018956b1e580
Event: 18019.327 Thread 0x0000018956b1e580 Thread exited: 0x0000018956b1e580
Event: 18021.120 Thread 0x0000018956b1ea90 Thread added: 0x0000018956b1ea90


Dynamic libraries:
0x00007ff753bf0000 - 0x00007ff753bfe000 	c:\Users\This pc\.vscode\extensions\redhat.java-1.32.0-win32-x64\jre\17.0.11-win32-x86_64\bin\java.exe
0x00007ffa93090000 - 0x00007ffa93288000 	C:\Windows\SYSTEM32\ntdll.dll
0x00007ffa918d0000 - 0x00007ffa9198d000 	C:\Windows\System32\KERNEL32.DLL
0x00007ffa90750000 - 0x00007ffa90a46000 	C:\Windows\System32\KERNELBASE.dll
0x00007ffa90ab0000 - 0x00007ffa90bb0000 	C:\Windows\System32\ucrtbase.dll
0x00007ffa5c450000 - 0x00007ffa5c467000 	c:\Users\This pc\.vscode\extensions\redhat.java-1.32.0-win32-x64\jre\17.0.11-win32-x86_64\bin\jli.dll
0x00007ffa91ed0000 - 0x00007ffa9206f000 	C:\Windows\System32\USER32.dll
0x00007ffa90a80000 - 0x00007ffa90aa2000 	C:\Windows\System32\win32u.dll
0x00007ffa93020000 - 0x00007ffa9304b000 	C:\Windows\System32\GDI32.dll
0x00007ffa3d2a0000 - 0x00007ffa3d2bb000 	c:\Users\This pc\.vscode\extensions\redhat.java-1.32.0-win32-x64\jre\17.0.11-win32-x86_64\bin\VCRUNTIME140.dll
0x00007ffa90d10000 - 0x00007ffa90e27000 	C:\Windows\System32\gdi32full.dll
0x00007ffa90f50000 - 0x00007ffa90fed000 	C:\Windows\System32\msvcp_win.dll
0x00007ffa74670000 - 0x00007ffa7490a000 	C:\Windows\WinSxS\amd64_microsoft.windows.common-controls_6595b64144ccf1df_6.0.19041.4355_none_60b8b9eb71f62e16\COMCTL32.dll
0x00007ffa92f80000 - 0x00007ffa9301e000 	C:\Windows\System32\msvcrt.dll
0x00007ffa918a0000 - 0x00007ffa918cf000 	C:\Windows\System32\IMM32.DLL
0x00007ffa7c7a0000 - 0x00007ffa7c7ac000 	c:\Users\This pc\.vscode\extensions\redhat.java-1.32.0-win32-x64\jre\17.0.11-win32-x86_64\bin\vcruntime140_1.dll
0x00007ffa26cc0000 - 0x00007ffa26d4d000 	c:\Users\This pc\.vscode\extensions\redhat.java-1.32.0-win32-x64\jre\17.0.11-win32-x86_64\bin\msvcp140.dll
0x00007ffa0d5f0000 - 0x00007ffa0e252000 	c:\Users\This pc\.vscode\extensions\redhat.java-1.32.0-win32-x64\jre\17.0.11-win32-x86_64\bin\server\jvm.dll
0x00007ffa92e70000 - 0x00007ffa92f20000 	C:\Windows\System32\ADVAPI32.dll
0x00007ffa92980000 - 0x00007ffa92a20000 	C:\Windows\System32\sechost.dll
0x00007ffa92850000 - 0x00007ffa92973000 	C:\Windows\System32\RPCRT4.dll
0x00007ffa90a50000 - 0x00007ffa90a77000 	C:\Windows\System32\bcrypt.dll
0x00007ffa8fc80000 - 0x00007ffa8fccb000 	C:\Windows\SYSTEM32\POWRPROF.dll
0x00007ffa72ef0000 - 0x00007ffa72ef9000 	C:\Windows\SYSTEM32\WSOCK32.dll
0x00007ffa927e0000 - 0x00007ffa9284b000 	C:\Windows\System32\WS2_32.dll
0x00007ffa8cc80000 - 0x00007ffa8cca7000 	C:\Windows\SYSTEM32\WINMM.dll
0x00007ffa87320000 - 0x00007ffa8732a000 	C:\Windows\SYSTEM32\VERSION.dll
0x00007ffa8fb40000 - 0x00007ffa8fb52000 	C:\Windows\SYSTEM32\UMPDC.dll
0x00007ffa8e5d0000 - 0x00007ffa8e5e2000 	C:\Windows\SYSTEM32\kernel.appcore.dll
0x00007ffa6ff80000 - 0x00007ffa6ff8a000 	c:\Users\This pc\.vscode\extensions\redhat.java-1.32.0-win32-x64\jre\17.0.11-win32-x86_64\bin\jimage.dll
0x00007ffa72bc0000 - 0x00007ffa72da4000 	C:\Windows\SYSTEM32\DBGHELP.DLL
0x00007ffa72b80000 - 0x00007ffa72bb4000 	C:\Windows\SYSTEM32\dbgcore.DLL
0x00007ffa90ff0000 - 0x00007ffa91072000 	C:\Windows\System32\bcryptPrimitives.dll
0x00007ffa6f1e0000 - 0x00007ffa6f1ee000 	c:\Users\This pc\.vscode\extensions\redhat.java-1.32.0-win32-x64\jre\17.0.11-win32-x86_64\bin\instrument.dll
0x00007ffa2a2e0000 - 0x00007ffa2a305000 	c:\Users\This pc\.vscode\extensions\redhat.java-1.32.0-win32-x64\jre\17.0.11-win32-x86_64\bin\java.dll
0x00007ffa5c470000 - 0x00007ffa5c488000 	c:\Users\This pc\.vscode\extensions\redhat.java-1.32.0-win32-x64\jre\17.0.11-win32-x86_64\bin\zip.dll
0x00007ffa910d0000 - 0x00007ffa9183c000 	C:\Windows\System32\SHELL32.dll
0x00007ffa8e7d0000 - 0x00007ffa8ef6d000 	C:\Windows\SYSTEM32\windows.storage.dll
0x00007ffa91b60000 - 0x00007ffa91eb3000 	C:\Windows\System32\combase.dll
0x00007ffa90170000 - 0x00007ffa9019e000 	C:\Windows\SYSTEM32\Wldp.dll
0x00007ffa91990000 - 0x00007ffa91a5d000 	C:\Windows\System32\OLEAUT32.dll
0x00007ffa92c40000 - 0x00007ffa92ced000 	C:\Windows\System32\SHCORE.dll
0x00007ffa92e10000 - 0x00007ffa92e65000 	C:\Windows\System32\shlwapi.dll
0x00007ffa90680000 - 0x00007ffa906a4000 	C:\Windows\SYSTEM32\profapi.dll
0x00007ffa3ca30000 - 0x00007ffa3ca49000 	C:\Users\This pc\.vscode\extensions\redhat.java-1.32.0-win32-x64\jre\17.0.11-win32-x86_64\bin\net.dll
0x00007ffa877d0000 - 0x00007ffa878da000 	C:\Windows\SYSTEM32\WINHTTP.dll
0x00007ffa8fed0000 - 0x00007ffa8ff3a000 	C:\Windows\system32\mswsock.dll
0x00007ffa3ca10000 - 0x00007ffa3ca26000 	C:\Users\This pc\.vscode\extensions\redhat.java-1.32.0-win32-x64\jre\17.0.11-win32-x86_64\bin\nio.dll
0x00007ffa6dbb0000 - 0x00007ffa6dbc0000 	c:\Users\This pc\.vscode\extensions\redhat.java-1.32.0-win32-x64\jre\17.0.11-win32-x86_64\bin\verify.dll
0x00007ffa25e00000 - 0x00007ffa25e44000 	C:\Users\This pc\AppData\Roaming\Code\User\globalStorage\redhat.java\1.32.0\config_win\org.eclipse.equinox.launcher\org.eclipse.equinox.launcher.win32.win32.x86_64_1.2.1100.v20240613-2013\eclipse_11903.dll
0x00007ffa92a20000 - 0x00007ffa92b4b000 	C:\Windows\System32\ole32.dll
0x00007ffa900d0000 - 0x00007ffa900e8000 	C:\Windows\SYSTEM32\CRYPTSP.dll
0x00007ffa8f780000 - 0x00007ffa8f7b4000 	C:\Windows\system32\rsaenh.dll
0x00007ffa90630000 - 0x00007ffa9065e000 	C:\Windows\SYSTEM32\USERENV.dll
0x00007ffa900c0000 - 0x00007ffa900cc000 	C:\Windows\SYSTEM32\CRYPTBASE.dll
0x00007ffa8fb60000 - 0x00007ffa8fb9b000 	C:\Windows\SYSTEM32\IPHLPAPI.DLL
0x00007ffa91ec0000 - 0x00007ffa91ec8000 	C:\Windows\System32\NSI.dll
0x00007ffa88db0000 - 0x00007ffa88dc7000 	C:\Windows\SYSTEM32\dhcpcsvc6.DLL
0x00007ffa89470000 - 0x00007ffa8948d000 	C:\Windows\SYSTEM32\dhcpcsvc.DLL
0x00007ffa8fbb0000 - 0x00007ffa8fc7a000 	C:\Windows\SYSTEM32\DNSAPI.dll
0x00007ffa3f870000 - 0x00007ffa3f8b5000 	C:\Users\This pc\AppData\Local\Temp\jna-318759573\jna11977726510452706591.dll
0x00007ffa92130000 - 0x00007ffa92138000 	C:\Windows\System32\PSAPI.DLL
0x00007ffa8cf10000 - 0x00007ffa8cf1e000 	C:\Users\This pc\.vscode\extensions\redhat.java-1.32.0-win32-x64\jre\17.0.11-win32-x86_64\bin\sunmscapi.dll
0x00007ffa90bb0000 - 0x00007ffa90d0e000 	C:\Windows\System32\CRYPT32.dll
0x00007ffa901e0000 - 0x00007ffa90209000 	C:\Windows\SYSTEM32\ncrypt.dll
0x00007ffa901a0000 - 0x00007ffa901db000 	C:\Windows\SYSTEM32\NTASN1.dll
0x00007ffa78bd0000 - 0x00007ffa78bda000 	C:\Windows\System32\rasadhlp.dll
0x00007ffa797f0000 - 0x00007ffa79870000 	C:\Windows\System32\fwpuclnt.dll
0x00007ffa8a2e0000 - 0x00007ffa8a2e9000 	C:\Users\This pc\.vscode\extensions\redhat.java-1.32.0-win32-x64\jre\17.0.11-win32-x86_64\bin\extnet.dll

dbghelp: loaded successfully - version: 4.0.5 - missing functions: none
symbol engine: initialized successfully - sym options: 0x614 - pdb path: .;c:\Users\This pc\.vscode\extensions\redhat.java-1.32.0-win32-x64\jre\17.0.11-win32-x86_64\bin;C:\Windows\SYSTEM32;C:\Windows\WinSxS\amd64_microsoft.windows.common-controls_6595b64144ccf1df_6.0.19041.4355_none_60b8b9eb71f62e16;c:\Users\This pc\.vscode\extensions\redhat.java-1.32.0-win32-x64\jre\17.0.11-win32-x86_64\bin\server;C:\Users\This pc\AppData\Roaming\Code\User\globalStorage\redhat.java\1.32.0\config_win\org.eclipse.equinox.launcher\org.eclipse.equinox.launcher.win32.win32.x86_64_1.2.1100.v20240613-2013;C:\Users\This pc\AppData\Local\Temp\jna-318759573

VM Arguments:
jvm_args: --add-modules=ALL-SYSTEM --add-opens=java.base/java.util=ALL-UNNAMED --add-opens=java.base/java.lang=ALL-UNNAMED --add-opens=java.base/sun.nio.fs=ALL-UNNAMED -Declipse.application=org.eclipse.jdt.ls.core.id1 -Dosgi.bundles.defaultStartLevel=4 -Declipse.product=org.eclipse.jdt.ls.core.product -Djava.import.generatesMetadataFilesAtProjectRoot=false -DDetectVMInstallationsJob.disabled=true -Dfile.encoding=utf8 -XX:+UseParallelGC -XX:GCTimeRatio=4 -XX:AdaptiveSizePolicyWeight=90 -Dsun.zip.disableMemoryMapping=true -Xmx1G -Xms100m -Xlog:disable -javaagent:c:\Users\This pc\.vscode\extensions\redhat.java-1.32.0-win32-x64\lombok\lombok-1.18.33.jar -XX:+HeapDumpOnOutOfMemoryError -XX:HeapDumpPath=c:\Users\This pc\AppData\Roaming\Code\User\workspaceStorage\f66363721906f2813de9fc78723243e7\redhat.java -Daether.dependencyCollector.impl=bf 
java_command: c:\Users\This pc\.vscode\extensions\redhat.java-1.32.0-win32-x64\server\plugins\org.eclipse.equinox.launcher_1.6.900.v20240613-2009.jar -configuration c:\Users\This pc\AppData\Roaming\Code\User\globalStorage\redhat.java\1.32.0\config_win -data c:\Users\This pc\AppData\Roaming\Code\User\workspaceStorage\f66363721906f2813de9fc78723243e7\redhat.java\jdt_ws --pipe=\\.\pipe\lsp-4690c667863ce2583015cfb441b65d21-sock
java_class_path (initial): c:\Users\This pc\.vscode\extensions\redhat.java-1.32.0-win32-x64\server\plugins\org.eclipse.equinox.launcher_1.6.900.v20240613-2009.jar
Launcher Type: SUN_STANDARD

[Global flags]
    uintx AdaptiveSizePolicyWeight                 = 90                                        {product} {command line}
     intx CICompilerCount                          = 3                                         {product} {ergonomic}
    uintx GCTimeRatio                              = 4                                         {product} {command line}
     bool HeapDumpOnOutOfMemoryError               = true                                   {manageable} {command line}
    ccstr HeapDumpPath                             = c:\Users\This pc\AppData\Roaming\Code\User\workspaceStorage\f66363721906f2813de9fc78723243e7\redhat.java         {manageable} {command line}
   size_t InitialHeapSize                          = 104857600                                 {product} {command line}
   size_t MaxHeapSize                              = 1073741824                                {product} {command line}
   size_t MaxNewSize                               = 357564416                                 {product} {ergonomic}
   size_t MinHeapDeltaBytes                        = 524288                                    {product} {ergonomic}
   size_t MinHeapSize                              = 104857600                                 {product} {command line}
   size_t NewSize                                  = 34603008                                  {product} {ergonomic}
    uintx NonNMethodCodeHeapSize                   = 5832780                                {pd product} {ergonomic}
    uintx NonProfiledCodeHeapSize                  = 122912730                              {pd product} {ergonomic}
   size_t OldSize                                  = 70254592                                  {product} {ergonomic}
    uintx ProfiledCodeHeapSize                     = 122912730                              {pd product} {ergonomic}
    uintx ReservedCodeCacheSize                    = 251658240                              {pd product} {ergonomic}
     bool SegmentedCodeCache                       = true                                      {product} {ergonomic}
   size_t SoftMaxHeapSize                          = 1073741824                             {manageable} {ergonomic}
     bool UseCompressedClassPointers               = true                           {product lp64_product} {ergonomic}
     bool UseCompressedOops                        = true                           {product lp64_product} {ergonomic}
     bool UseLargePagesIndividualAllocation        = false                                  {pd product} {ergonomic}
     bool UseParallelGC                            = true                                      {product} {command line}

Logging:
Log output configuration:
 #0: stdout all=off uptime,level,tags
 #1: stderr all=off uptime,level,tags

Environment Variables:
JAVA_HOME=C:\Users\This pc\AppData\Local\Programs\Eclipse Adoptium\jdk-17.0.7.7-hotspot\
PATH=C:\Program Files\Common Files\Oracle\Java\javapath;C:\Program Files\Python311\Scripts\;C:\Program Files\Python311\;C:\Windows\system32;C:\Windows;C:\Windows\System32\Wbem;C:\Windows\System32\WindowsPowerShell\v1.0\;C:\Windows\System32\OpenSSH\;C:\MinGW\bin;C:\Program Files\Git\cmd;C:\Program Files\Java\jdk-22\bin;C:\Program Files\MySQL\MySQL Shell 8.0\bin\;C:\msys64\ucrt64\bin;C:\Users\This pc\AppData\Local\Programs\Microsoft VS Code\bin
USERNAME=This pc
OS=Windows_NT
PROCESSOR_IDENTIFIER=Intel64 Family 6 Model 69 Stepping 1, GenuineIntel
TMP=C:\Users\THISPC~1\AppData\Local\Temp
TEMP=C:\Users\THISPC~1\AppData\Local\Temp



Periodic native trim disabled


---------------  S Y S T E M  ---------------

OS:
 Windows 10 , 64 bit Build 19041 (10.0.19041.3636)
OS uptime: 4 days 13:09 hours

CPU: total 4 (initial active 4) (2 cores per cpu, 2 threads per core) family 6 model 69 stepping 1 microcode 0x25, cx8, cmov, fxsr, ht, mmx, sse, sse2, sse3, ssse3, sse4.1, sse4.2, popcnt, lzcnt, tsc, tscinvbit, avx, avx2, aes, erms, clmul, bmi1, bmi2, fma, vzeroupper, clflush
Processor Information for all 4 processors :
  Max Mhz: 1701, Current Mhz: 1701, Mhz Limit: 1701

Memory: 4k page, system-wide physical 6056M (651M free)
TotalPageFile size 15491M (AvailPageFile size 2561M)
current process WorkingSet (physical memory assigned to process): 210M, peak: 607M
current process commit charge ("private bytes"): 615M, peak: 631M

vm_info: OpenJDK 64-Bit Server VM (17.0.11+9) for windows-amd64 JRE (17.0.11+9), built on Apr 17 2024 06:07:48 by "admin" with MS VC++ 16.10 / 16.11 (VS2019)

END.
