#
# There is insufficient memory for the Java Runtime Environment to continue.
# Native memory allocation (malloc) failed to allocate 32744 bytes for ChunkPool::allocate
# Possible reasons:
#   The system is out of physical RAM or swap space
#   The process is running with CompressedOops enabled, and the Java Heap may be blocking the growth of the native heap
# Possible solutions:
#   Reduce memory load on the system
#   Increase physical memory or swap space
#   Check if swap backing store is full
#   Decrease Java heap size (-Xmx/-Xms)
#   Decrease number of Java threads
#   Decrease Java thread stack sizes (-Xss)
#   Set larger code cache with -XX:ReservedCodeCacheSize=
#   JVM is running with Unscaled Compressed Oops mode in which the Java heap is
#     placed in the first 4GB address space. The Java Heap base address is the
#     maximum limit for the native heap growth. Please use -XX:HeapBaseMinAddress
#     to set the Java Heap base and to place the Java Heap above 4GB virtual address.
# This output file may be truncated or incomplete.
#
#  Out of Memory Error (arena.cpp:78), pid=24824, tid=16200
#
# JRE version: OpenJDK Runtime Environment Temurin-17.0.7+7 (17.0.7+7) (build 17.0.7+7)
# Java VM: OpenJDK 64-Bit Server VM Temurin-17.0.7+7 (17.0.7+7, mixed mode, sharing, tiered, compressed oops, compressed class ptrs, g1 gc, windows-amd64)
# No core dump will be written. Minidumps are not enabled by default on client versions of Windows
#

---------------  S U M M A R Y ------------

Command Line: -XX:+ShowCodeDetailsInExceptionMessages Transactions

Host: Intel(R) Core(TM) i3-4005U CPU @ 1.70GHz, 4 cores, 5G,  Windows 10 , 64 bit Build 19041 (10.0.19041.3636)
Time: Fri Jun 28 12:04:44 2024 India Standard Time elapsed time: 1.563742 seconds (0d 0h 0m 1s)

---------------  T H R E A D  ---------------

Current thread (0x0000022b1d95b070):  JavaThread "C2 CompilerThread0" daemon [_thread_in_native, id=16200, stack(0x000000a6b3900000,0x000000a6b3a00000)]


Current CompileTask:
C2:   1564 1096   !   4       sun.font.TrueTypeFont::getTableBuffer (215 bytes)

Stack: [0x000000a6b3900000,0x000000a6b3a00000]
Native frames: (J=compiled Java code, j=interpreted, Vv=VM code, C=native code)
V  [jvm.dll+0x67754a]
V  [jvm.dll+0x834304]
V  [jvm.dll+0x835aae]
V  [jvm.dll+0x836113]
V  [jvm.dll+0x24696f]
V  [jvm.dll+0xac2cc]
V  [jvm.dll+0xac67c]
V  [jvm.dll+0x11e7b8]
V  [jvm.dll+0x6a0be1]
V  [jvm.dll+0x1bceb4]
V  [jvm.dll+0x219799]
V  [jvm.dll+0x218a61]
V  [jvm.dll+0x1a4d8d]
V  [jvm.dll+0x2284da]
V  [jvm.dll+0x226615]
V  [jvm.dll+0x7ea90b]
V  [jvm.dll+0x7e4e7a]
V  [jvm.dll+0x676395]
C  [ucrtbase.dll+0x21bb2]
C  [KERNEL32.DLL+0x17344]
C  [ntdll.dll+0x4cc91]


---------------  P R O C E S S  ---------------

Threads class SMR info:
_java_thread_list=0x0000022b1dee9530, length=17, elements={
0x0000022b1d948680, 0x0000022b1d9494f0, 0x0000022b1d964170, 0x0000022b1d966130,
0x0000022b1d968af0, 0x0000022b1d9694a0, 0x0000022b1d95b070, 0x0000022b1d95a650,
0x0000022b1d99a050, 0x0000022b1dbd2400, 0x0000022b1dbdddf0, 0x0000022b1ddcfca0,
0x0000022b1de08160, 0x0000022b1de0b440, 0x0000022b1de64090, 0x0000022b230c8450,
0x0000022b7f22f6f0
}

Java Threads: ( => current thread )
  0x0000022b1d948680 JavaThread "Reference Handler" daemon [_thread_blocked, id=25416, stack(0x000000a6b3300000,0x000000a6b3400000)]
  0x0000022b1d9494f0 JavaThread "Finalizer" daemon [_thread_blocked, id=19744, stack(0x000000a6b3400000,0x000000a6b3500000)]
  0x0000022b1d964170 JavaThread "Signal Dispatcher" daemon [_thread_blocked, id=18780, stack(0x000000a6b3500000,0x000000a6b3600000)]
  0x0000022b1d966130 JavaThread "Attach Listener" daemon [_thread_blocked, id=23896, stack(0x000000a6b3600000,0x000000a6b3700000)]
  0x0000022b1d968af0 JavaThread "Service Thread" daemon [_thread_blocked, id=20900, stack(0x000000a6b3700000,0x000000a6b3800000)]
  0x0000022b1d9694a0 JavaThread "Monitor Deflation Thread" daemon [_thread_blocked, id=24756, stack(0x000000a6b3800000,0x000000a6b3900000)]
=>0x0000022b1d95b070 JavaThread "C2 CompilerThread0" daemon [_thread_in_native, id=16200, stack(0x000000a6b3900000,0x000000a6b3a00000)]
  0x0000022b1d95a650 JavaThread "C1 CompilerThread0" daemon [_thread_blocked, id=13816, stack(0x000000a6b3a00000,0x000000a6b3b00000)]
  0x0000022b1d99a050 JavaThread "Sweeper thread" daemon [_thread_blocked, id=15060, stack(0x000000a6b3b00000,0x000000a6b3c00000)]
  0x0000022b1dbd2400 JavaThread "Notification Thread" daemon [_thread_blocked, id=7792, stack(0x000000a6b3c00000,0x000000a6b3d00000)]
  0x0000022b1dbdddf0 JavaThread "Common-Cleaner" daemon [_thread_blocked, id=9980, stack(0x000000a6b3e00000,0x000000a6b3f00000)]
  0x0000022b1ddcfca0 JavaThread "Java2D Disposer" daemon [_thread_blocked, id=7568, stack(0x000000a6b3f00000,0x000000a6b4000000)]
  0x0000022b1de08160 JavaThread "AWT-Shutdown" [_thread_blocked, id=25604, stack(0x000000a6b4000000,0x000000a6b4100000)]
  0x0000022b1de0b440 JavaThread "AWT-Windows" daemon [_thread_in_native, id=25608, stack(0x000000a6b4100000,0x000000a6b4200000)]
  0x0000022b1de64090 JavaThread "Image Fetcher 0" daemon [_thread_blocked, id=25612, stack(0x000000a6b4200000,0x000000a6b4300000)]
  0x0000022b230c8450 JavaThread "AWT-EventQueue-0" [_thread_blocked, id=25628, stack(0x000000a6b4600000,0x000000a6b4700000)]
  0x0000022b7f22f6f0 JavaThread "DestroyJavaVM" [_thread_blocked, id=15428, stack(0x000000a6b2c00000,0x000000a6b2d00000)]

Other Threads:
  0x0000022b1d945b80 VMThread "VM Thread" [stack: 0x000000a6b3200000,0x000000a6b3300000] [id=11432]
  0x0000022b1dbd4ce0 WatcherThread [stack: 0x000000a6b3d00000,0x000000a6b3e00000] [id=17748]
  0x0000022b7f27b1f0 GCTaskThread "GC Thread#0" [stack: 0x000000a6b2d00000,0x000000a6b2e00000] [id=9604]
  0x0000022b1deb18b0 GCTaskThread "GC Thread#1" [stack: 0x000000a6b4300000,0x000000a6b4400000] [id=25616]
  0x0000022b1deb1b60 GCTaskThread "GC Thread#2" [stack: 0x000000a6b4400000,0x000000a6b4500000] [id=25620]
  0x0000022b1def0030 GCTaskThread "GC Thread#3" [stack: 0x000000a6b4500000,0x000000a6b4600000] [id=25624]
  0x0000022b7f287eb0 ConcurrentGCThread "G1 Main Marker" [stack: 0x000000a6b2e00000,0x000000a6b2f00000] [id=19320]
  0x0000022b7f289060 ConcurrentGCThread "G1 Conc#0" [stack: 0x000000a6b2f00000,0x000000a6b3000000] [id=9848]
  0x0000022b7f2ea6c0 ConcurrentGCThread "G1 Refine#0" [stack: 0x000000a6b3000000,0x000000a6b3100000] [id=6336]
  0x0000022b7f2eb0e0 ConcurrentGCThread "G1 Service" [stack: 0x000000a6b3100000,0x000000a6b3200000] [id=25296]

Threads with active compile tasks:
C2 CompilerThread0     1635 1096   !   4       sun.font.TrueTypeFont::getTableBuffer (215 bytes)

VM state: not at safepoint (normal execution)

VM Mutex/Monitor currently owned by a thread: None

Heap address: 0x00000000a1400000, size: 1516 MB, Compressed Oops mode: 32-bit

CDS archive(s) mapped at: [0x0000000800000000-0x0000000800bc0000-0x0000000800bc0000), size 12320768, SharedBaseAddress: 0x0000000800000000, ArchiveRelocationMode: 0.
Compressed class space mapped at: 0x0000000801000000-0x0000000841000000, reserved size: 1073741824
Narrow klass base: 0x0000000800000000, Narrow klass shift: 0, Narrow klass range: 0x100000000

GC Precious Log:
 CPUs: 4 total, 4 available
 Memory: 6056M
 Large Page Support: Disabled
 NUMA Support: Disabled
 Compressed Oops: Enabled (32-bit)
 Heap Region Size: 1M
 Heap Min Capacity: 8M
 Heap Initial Capacity: 96M
 Heap Max Capacity: 1516M
 Pre-touch: Disabled
 Parallel Workers: 4
 Concurrent Workers: 1
 Concurrent Refinement Workers: 4
 Periodic GC: Disabled

Heap:
 garbage-first heap   total 98304K, used 22027K [0x00000000a1400000, 0x0000000100000000)
  region size 1024K, 12 young (12288K), 2 survivors (2048K)
 Metaspace       used 7065K, committed 7296K, reserved 1114112K
  class space    used 755K, committed 896K, reserved 1048576K

Heap Regions: E=young(eden), S=young(survivor), O=old, HS=humongous(starts), HC=humongous(continues), CS=collection set, F=free, OA=open archive, CA=closed archive, TAMS=top-at-mark-start (previous, next)
|   0|0x00000000a1400000, 0x00000000a1500000, 0x00000000a1500000|100%|HS|  |TAMS 0x00000000a1400000, 0x00000000a1400000| Complete 
|   1|0x00000000a1500000, 0x00000000a1600000, 0x00000000a1600000|100%|HC|  |TAMS 0x00000000a1500000, 0x00000000a1500000| Complete 
|   2|0x00000000a1600000, 0x00000000a1700000, 0x00000000a1700000|100%|HC|  |TAMS 0x00000000a1600000, 0x00000000a1600000| Complete 
|   3|0x00000000a1700000, 0x00000000a1800000, 0x00000000a1800000|100%|HC|  |TAMS 0x00000000a1700000, 0x00000000a1700000| Complete 
|   4|0x00000000a1800000, 0x00000000a1900000, 0x00000000a1900000|100%|HS|  |TAMS 0x00000000a1800000, 0x00000000a1800000| Complete 
|   5|0x00000000a1900000, 0x00000000a1a00000, 0x00000000a1a00000|100%|HC|  |TAMS 0x00000000a1900000, 0x00000000a1900000| Complete 
|   6|0x00000000a1a00000, 0x00000000a1b00000, 0x00000000a1b00000|100%|HC|  |TAMS 0x00000000a1a00000, 0x00000000a1a00000| Complete 
|   7|0x00000000a1b00000, 0x00000000a1b82e00, 0x00000000a1c00000| 51%| O|  |TAMS 0x00000000a1b00000, 0x00000000a1b00000| Untracked 
|   8|0x00000000a1c00000, 0x00000000a1d00000, 0x00000000a1d00000|100%|HS|  |TAMS 0x00000000a1c00000, 0x00000000a1c00000| Complete 
|   9|0x00000000a1d00000, 0x00000000a1e00000, 0x00000000a1e00000|100%|HC|  |TAMS 0x00000000a1d00000, 0x00000000a1d00000| Complete 
|  10|0x00000000a1e00000, 0x00000000a1f00000, 0x00000000a1f00000|100%|HC|  |TAMS 0x00000000a1e00000, 0x00000000a1e00000| Complete 
|  11|0x00000000a1f00000, 0x00000000a1f00000, 0x00000000a2000000|  0%| F|  |TAMS 0x00000000a1f00000, 0x00000000a1f00000| Untracked 
|  12|0x00000000a2000000, 0x00000000a2000000, 0x00000000a2100000|  0%| F|  |TAMS 0x00000000a2000000, 0x00000000a2000000| Untracked 
|  13|0x00000000a2100000, 0x00000000a2100000, 0x00000000a2200000|  0%| F|  |TAMS 0x00000000a2100000, 0x00000000a2100000| Untracked 
|  14|0x00000000a2200000, 0x00000000a2200000, 0x00000000a2300000|  0%| F|  |TAMS 0x00000000a2200000, 0x00000000a2200000| Untracked 
|  15|0x00000000a2300000, 0x00000000a2300000, 0x00000000a2400000|  0%| F|  |TAMS 0x00000000a2300000, 0x00000000a2300000| Untracked 
|  16|0x00000000a2400000, 0x00000000a2400000, 0x00000000a2500000|  0%| F|  |TAMS 0x00000000a2400000, 0x00000000a2400000| Untracked 
|  17|0x00000000a2500000, 0x00000000a2500000, 0x00000000a2600000|  0%| F|  |TAMS 0x00000000a2500000, 0x00000000a2500000| Untracked 
|  18|0x00000000a2600000, 0x00000000a2600000, 0x00000000a2700000|  0%| F|  |TAMS 0x00000000a2600000, 0x00000000a2600000| Untracked 
|  19|0x00000000a2700000, 0x00000000a2700000, 0x00000000a2800000|  0%| F|  |TAMS 0x00000000a2700000, 0x00000000a2700000| Untracked 
|  20|0x00000000a2800000, 0x00000000a2800000, 0x00000000a2900000|  0%| F|  |TAMS 0x00000000a2800000, 0x00000000a2800000| Untracked 
|  21|0x00000000a2900000, 0x00000000a2900000, 0x00000000a2a00000|  0%| F|  |TAMS 0x00000000a2900000, 0x00000000a2900000| Untracked 
|  22|0x00000000a2a00000, 0x00000000a2a00000, 0x00000000a2b00000|  0%| F|  |TAMS 0x00000000a2a00000, 0x00000000a2a00000| Untracked 
|  23|0x00000000a2b00000, 0x00000000a2b00000, 0x00000000a2c00000|  0%| F|  |TAMS 0x00000000a2b00000, 0x00000000a2b00000| Untracked 
|  24|0x00000000a2c00000, 0x00000000a2c00000, 0x00000000a2d00000|  0%| F|  |TAMS 0x00000000a2c00000, 0x00000000a2c00000| Untracked 
|  25|0x00000000a2d00000, 0x00000000a2d00000, 0x00000000a2e00000|  0%| F|  |TAMS 0x00000000a2d00000, 0x00000000a2d00000| Untracked 
|  26|0x00000000a2e00000, 0x00000000a2e00000, 0x00000000a2f00000|  0%| F|  |TAMS 0x00000000a2e00000, 0x00000000a2e00000| Untracked 
|  27|0x00000000a2f00000, 0x00000000a2f00000, 0x00000000a3000000|  0%| F|  |TAMS 0x00000000a2f00000, 0x00000000a2f00000| Untracked 
|  28|0x00000000a3000000, 0x00000000a3000000, 0x00000000a3100000|  0%| F|  |TAMS 0x00000000a3000000, 0x00000000a3000000| Untracked 
|  29|0x00000000a3100000, 0x00000000a3100000, 0x00000000a3200000|  0%| F|  |TAMS 0x00000000a3100000, 0x00000000a3100000| Untracked 
|  30|0x00000000a3200000, 0x00000000a3200000, 0x00000000a3300000|  0%| F|  |TAMS 0x00000000a3200000, 0x00000000a3200000| Untracked 
|  31|0x00000000a3300000, 0x00000000a3300000, 0x00000000a3400000|  0%| F|  |TAMS 0x00000000a3300000, 0x00000000a3300000| Untracked 
|  32|0x00000000a3400000, 0x00000000a3400000, 0x00000000a3500000|  0%| F|  |TAMS 0x00000000a3400000, 0x00000000a3400000| Untracked 
|  33|0x00000000a3500000, 0x00000000a3500000, 0x00000000a3600000|  0%| F|  |TAMS 0x00000000a3500000, 0x00000000a3500000| Untracked 
|  34|0x00000000a3600000, 0x00000000a3600000, 0x00000000a3700000|  0%| F|  |TAMS 0x00000000a3600000, 0x00000000a3600000| Untracked 
|  35|0x00000000a3700000, 0x00000000a3700000, 0x00000000a3800000|  0%| F|  |TAMS 0x00000000a3700000, 0x00000000a3700000| Untracked 
|  36|0x00000000a3800000, 0x00000000a3800000, 0x00000000a3900000|  0%| F|  |TAMS 0x00000000a3800000, 0x00000000a3800000| Untracked 
|  37|0x00000000a3900000, 0x00000000a3900000, 0x00000000a3a00000|  0%| F|  |TAMS 0x00000000a3900000, 0x00000000a3900000| Untracked 
|  38|0x00000000a3a00000, 0x00000000a3a00000, 0x00000000a3b00000|  0%| F|  |TAMS 0x00000000a3a00000, 0x00000000a3a00000| Untracked 
|  39|0x00000000a3b00000, 0x00000000a3b00000, 0x00000000a3c00000|  0%| F|  |TAMS 0x00000000a3b00000, 0x00000000a3b00000| Untracked 
|  40|0x00000000a3c00000, 0x00000000a3c00000, 0x00000000a3d00000|  0%| F|  |TAMS 0x00000000a3c00000, 0x00000000a3c00000| Untracked 
|  41|0x00000000a3d00000, 0x00000000a3d00000, 0x00000000a3e00000|  0%| F|  |TAMS 0x00000000a3d00000, 0x00000000a3d00000| Untracked 
|  42|0x00000000a3e00000, 0x00000000a3e00000, 0x00000000a3f00000|  0%| F|  |TAMS 0x00000000a3e00000, 0x00000000a3e00000| Untracked 
|  43|0x00000000a3f00000, 0x00000000a3f00000, 0x00000000a4000000|  0%| F|  |TAMS 0x00000000a3f00000, 0x00000000a3f00000| Untracked 
|  44|0x00000000a4000000, 0x00000000a4000000, 0x00000000a4100000|  0%| F|  |TAMS 0x00000000a4000000, 0x00000000a4000000| Untracked 
|  45|0x00000000a4100000, 0x00000000a4100000, 0x00000000a4200000|  0%| F|  |TAMS 0x00000000a4100000, 0x00000000a4100000| Untracked 
|  46|0x00000000a4200000, 0x00000000a4200000, 0x00000000a4300000|  0%| F|  |TAMS 0x00000000a4200000, 0x00000000a4200000| Untracked 
|  47|0x00000000a4300000, 0x00000000a4300000, 0x00000000a4400000|  0%| F|  |TAMS 0x00000000a4300000, 0x00000000a4300000| Untracked 
|  48|0x00000000a4400000, 0x00000000a4400000, 0x00000000a4500000|  0%| F|  |TAMS 0x00000000a4400000, 0x00000000a4400000| Untracked 
|  49|0x00000000a4500000, 0x00000000a4500000, 0x00000000a4600000|  0%| F|  |TAMS 0x00000000a4500000, 0x00000000a4500000| Untracked 
|  50|0x00000000a4600000, 0x00000000a4600000, 0x00000000a4700000|  0%| F|  |TAMS 0x00000000a4600000, 0x00000000a4600000| Untracked 
|  51|0x00000000a4700000, 0x00000000a4700000, 0x00000000a4800000|  0%| F|  |TAMS 0x00000000a4700000, 0x00000000a4700000| Untracked 
|  52|0x00000000a4800000, 0x00000000a4800000, 0x00000000a4900000|  0%| F|  |TAMS 0x00000000a4800000, 0x00000000a4800000| Untracked 
|  53|0x00000000a4900000, 0x00000000a4900000, 0x00000000a4a00000|  0%| F|  |TAMS 0x00000000a4900000, 0x00000000a4900000| Untracked 
|  54|0x00000000a4a00000, 0x00000000a4a00000, 0x00000000a4b00000|  0%| F|  |TAMS 0x00000000a4a00000, 0x00000000a4a00000| Untracked 
|  55|0x00000000a4b00000, 0x00000000a4b00000, 0x00000000a4c00000|  0%| F|  |TAMS 0x00000000a4b00000, 0x00000000a4b00000| Untracked 
|  56|0x00000000a4c00000, 0x00000000a4c00000, 0x00000000a4d00000|  0%| F|  |TAMS 0x00000000a4c00000, 0x00000000a4c00000| Untracked 
|  57|0x00000000a4d00000, 0x00000000a4d00000, 0x00000000a4e00000|  0%| F|  |TAMS 0x00000000a4d00000, 0x00000000a4d00000| Untracked 
|  58|0x00000000a4e00000, 0x00000000a4e00000, 0x00000000a4f00000|  0%| F|  |TAMS 0x00000000a4e00000, 0x00000000a4e00000| Untracked 
|  59|0x00000000a4f00000, 0x00000000a4f00000, 0x00000000a5000000|  0%| F|  |TAMS 0x00000000a4f00000, 0x00000000a4f00000| Untracked 
|  60|0x00000000a5000000, 0x00000000a5000000, 0x00000000a5100000|  0%| F|  |TAMS 0x00000000a5000000, 0x00000000a5000000| Untracked 
|  61|0x00000000a5100000, 0x00000000a5100000, 0x00000000a5200000|  0%| F|  |TAMS 0x00000000a5100000, 0x00000000a5100000| Untracked 
|  62|0x00000000a5200000, 0x00000000a5200000, 0x00000000a5300000|  0%| F|  |TAMS 0x00000000a5200000, 0x00000000a5200000| Untracked 
|  63|0x00000000a5300000, 0x00000000a5300000, 0x00000000a5400000|  0%| F|  |TAMS 0x00000000a5300000, 0x00000000a5300000| Untracked 
|  64|0x00000000a5400000, 0x00000000a5400000, 0x00000000a5500000|  0%| F|  |TAMS 0x00000000a5400000, 0x00000000a5400000| Untracked 
|  65|0x00000000a5500000, 0x00000000a5500000, 0x00000000a5600000|  0%| F|  |TAMS 0x00000000a5500000, 0x00000000a5500000| Untracked 
|  66|0x00000000a5600000, 0x00000000a5600000, 0x00000000a5700000|  0%| F|  |TAMS 0x00000000a5600000, 0x00000000a5600000| Untracked 
|  67|0x00000000a5700000, 0x00000000a5700000, 0x00000000a5800000|  0%| F|  |TAMS 0x00000000a5700000, 0x00000000a5700000| Untracked 
|  68|0x00000000a5800000, 0x00000000a5800000, 0x00000000a5900000|  0%| F|  |TAMS 0x00000000a5800000, 0x00000000a5800000| Untracked 
|  69|0x00000000a5900000, 0x00000000a5900000, 0x00000000a5a00000|  0%| F|  |TAMS 0x00000000a5900000, 0x00000000a5900000| Untracked 
|  70|0x00000000a5a00000, 0x00000000a5a00000, 0x00000000a5b00000|  0%| F|  |TAMS 0x00000000a5a00000, 0x00000000a5a00000| Untracked 
|  71|0x00000000a5b00000, 0x00000000a5b00000, 0x00000000a5c00000|  0%| F|  |TAMS 0x00000000a5b00000, 0x00000000a5b00000| Untracked 
|  72|0x00000000a5c00000, 0x00000000a5c00000, 0x00000000a5d00000|  0%| F|  |TAMS 0x00000000a5c00000, 0x00000000a5c00000| Untracked 
|  73|0x00000000a5d00000, 0x00000000a5d00000, 0x00000000a5e00000|  0%| F|  |TAMS 0x00000000a5d00000, 0x00000000a5d00000| Untracked 
|  74|0x00000000a5e00000, 0x00000000a5e00000, 0x00000000a5f00000|  0%| F|  |TAMS 0x00000000a5e00000, 0x00000000a5e00000| Untracked 
|  75|0x00000000a5f00000, 0x00000000a5f00000, 0x00000000a6000000|  0%| F|  |TAMS 0x00000000a5f00000, 0x00000000a5f00000| Untracked 
|  76|0x00000000a6000000, 0x00000000a6000000, 0x00000000a6100000|  0%| F|  |TAMS 0x00000000a6000000, 0x00000000a6000000| Untracked 
|  77|0x00000000a6100000, 0x00000000a6100000, 0x00000000a6200000|  0%| F|  |TAMS 0x00000000a6100000, 0x00000000a6100000| Untracked 
|  78|0x00000000a6200000, 0x00000000a6200000, 0x00000000a6300000|  0%| F|  |TAMS 0x00000000a6200000, 0x00000000a6200000| Untracked 
|  79|0x00000000a6300000, 0x00000000a6300000, 0x00000000a6400000|  0%| F|  |TAMS 0x00000000a6300000, 0x00000000a6300000| Untracked 
|  80|0x00000000a6400000, 0x00000000a6400000, 0x00000000a6500000|  0%| F|  |TAMS 0x00000000a6400000, 0x00000000a6400000| Untracked 
|  81|0x00000000a6500000, 0x00000000a6600000, 0x00000000a6600000|100%| S|CS|TAMS 0x00000000a6500000, 0x00000000a6500000| Complete 
|  82|0x00000000a6600000, 0x00000000a6700000, 0x00000000a6700000|100%| S|CS|TAMS 0x00000000a6600000, 0x00000000a6600000| Complete 
|  83|0x00000000a6700000, 0x00000000a6700000, 0x00000000a6800000|  0%| F|  |TAMS 0x00000000a6700000, 0x00000000a6700000| Untracked 
|  84|0x00000000a6800000, 0x00000000a6800000, 0x00000000a6900000|  0%| F|  |TAMS 0x00000000a6800000, 0x00000000a6800000| Untracked 
|  85|0x00000000a6900000, 0x00000000a6900000, 0x00000000a6a00000|  0%| F|  |TAMS 0x00000000a6900000, 0x00000000a6900000| Untracked 
|  86|0x00000000a6a00000, 0x00000000a6b00000, 0x00000000a6b00000|100%| E|  |TAMS 0x00000000a6a00000, 0x00000000a6a00000| Complete 
|  87|0x00000000a6b00000, 0x00000000a6c00000, 0x00000000a6c00000|100%| E|CS|TAMS 0x00000000a6b00000, 0x00000000a6b00000| Complete 
|  88|0x00000000a6c00000, 0x00000000a6d00000, 0x00000000a6d00000|100%| E|CS|TAMS 0x00000000a6c00000, 0x00000000a6c00000| Complete 
|  89|0x00000000a6d00000, 0x00000000a6e00000, 0x00000000a6e00000|100%| E|CS|TAMS 0x00000000a6d00000, 0x00000000a6d00000| Complete 
|  90|0x00000000a6e00000, 0x00000000a6f00000, 0x00000000a6f00000|100%| E|CS|TAMS 0x00000000a6e00000, 0x00000000a6e00000| Complete 
|  91|0x00000000a6f00000, 0x00000000a7000000, 0x00000000a7000000|100%| E|CS|TAMS 0x00000000a6f00000, 0x00000000a6f00000| Complete 
|  92|0x00000000a7000000, 0x00000000a7100000, 0x00000000a7100000|100%| E|CS|TAMS 0x00000000a7000000, 0x00000000a7000000| Complete 
|  93|0x00000000a7100000, 0x00000000a7200000, 0x00000000a7200000|100%| E|CS|TAMS 0x00000000a7100000, 0x00000000a7100000| Complete 
|  94|0x00000000a7200000, 0x00000000a7300000, 0x00000000a7300000|100%| E|CS|TAMS 0x00000000a7200000, 0x00000000a7200000| Complete 
|  95|0x00000000a7300000, 0x00000000a7400000, 0x00000000a7400000|100%| E|CS|TAMS 0x00000000a7300000, 0x00000000a7300000| Complete 

Card table byte_map: [0x0000022b17e30000,0x0000022b18130000] _byte_map_base: 0x0000022b17926000

Marking Bits (Prev, Next): (CMBitMap*) 0x0000022b7f27b800, (CMBitMap*) 0x0000022b7f27b840
 Prev Bits: [0x0000022b18430000, 0x0000022b19be0000)
 Next Bits: [0x0000022b19be0000, 0x0000022b1b390000)

Polling page: 0x0000022b7f0f0000

Metaspace:

Usage:
  Non-class:      6.16 MB used.
      Class:    755.32 KB used.
       Both:      6.90 MB used.

Virtual space:
  Non-class space:       64.00 MB reserved,       6.25 MB ( 10%) committed,  1 nodes.
      Class space:        1.00 GB reserved,     896.00 KB ( <1%) committed,  1 nodes.
             Both:        1.06 GB reserved,       7.12 MB ( <1%) committed. 

Chunk freelists:
   Non-Class:  9.00 MB
       Class:  15.12 MB
        Both:  24.12 MB

MaxMetaspaceSize: unlimited
CompressedClassSpaceSize: 1.00 GB
Initial GC threshold: 21.00 MB
Current GC threshold: 21.00 MB
CDS: on
MetaspaceReclaimPolicy: balanced
 - commit_granule_bytes: 65536.
 - commit_granule_words: 8192.
 - virtual_space_node_default_size: 8388608.
 - enlarge_chunks_in_place: 1.
 - new_chunks_are_fully_committed: 0.
 - uncommit_free_chunks: 1.
 - use_allocation_guard: 0.
 - handle_deallocations: 1.


Internal statistics:

num_allocs_failed_limit: 0.
num_arena_births: 116.
num_arena_deaths: 0.
num_vsnodes_births: 2.
num_vsnodes_deaths: 0.
num_space_committed: 114.
num_space_uncommitted: 0.
num_chunks_returned_to_freelist: 0.
num_chunks_taken_from_freelist: 168.
num_chunk_merges: 0.
num_chunk_splits: 89.
num_chunks_enlarged: 21.
num_inconsistent_stats: 0.

CodeHeap 'non-profiled nmethods': size=120000Kb used=286Kb max_used=286Kb free=119713Kb
 bounds [0x0000022b10900000, 0x0000022b10b70000, 0x0000022b17e30000]
CodeHeap 'profiled nmethods': size=120000Kb used=1912Kb max_used=1912Kb free=118088Kb
 bounds [0x0000022b08e30000, 0x0000022b090a0000, 0x0000022b10360000]
CodeHeap 'non-nmethods': size=5760Kb used=1261Kb max_used=1276Kb free=4498Kb
 bounds [0x0000022b10360000, 0x0000022b105d0000, 0x0000022b10900000]
 total_blobs=1697 nmethods=1115 adapters=495
 compilation: enabled
              stopped_count=0, restarted_count=0
 full_count=0

Compilation events (20 events):
Event: 1.515 Thread 0x0000022b1d95a650 1111       3       sun.util.locale.LanguageTag::parsePrivateuse (144 bytes)
Event: 1.517 Thread 0x0000022b1d95a650 nmethod 1111 0x0000022b09002c90 code [0x0000022b09002f80, 0x0000022b09003f48]
Event: 1.517 Thread 0x0000022b1d95a650 1112       3       sun.util.locale.InternalLocaleBuilder::setLanguageTag (173 bytes)
Event: 1.520 Thread 0x0000022b1d95a650 nmethod 1112 0x0000022b09004490 code [0x0000022b09004880, 0x0000022b09006478]
Event: 1.520 Thread 0x0000022b1d95a650 1113       3       sun.util.locale.InternalLocaleBuilder::clear (31 bytes)
Event: 1.520 Thread 0x0000022b1d95a650 nmethod 1113 0x0000022b09006b90 code [0x0000022b09006d60, 0x0000022b09007068]
Event: 1.520 Thread 0x0000022b1d95a650 1114       3       sun.util.locale.LanguageTag::getExtlangs (24 bytes)
Event: 1.521 Thread 0x0000022b1d95a650 nmethod 1114 0x0000022b09007110 code [0x0000022b090072e0, 0x0000022b090075b8]
Event: 1.521 Thread 0x0000022b1d95a650 1115       3       sun.util.locale.InternalLocaleBuilder::setExtensions (206 bytes)
Event: 1.528 Thread 0x0000022b1d95a650 nmethod 1115 0x0000022b09007690 code [0x0000022b09007b80, 0x0000022b0900a418]
Event: 1.528 Thread 0x0000022b1d95a650 1116       3       sun.util.locale.LocaleUtils::isEmpty (19 bytes)
Event: 1.528 Thread 0x0000022b1d95a650 nmethod 1116 0x0000022b0900b190 code [0x0000022b0900b340, 0x0000022b0900b588]
Event: 1.528 Thread 0x0000022b1d95a650 1117       3       sun.util.locale.InternalLocaleBuilder::getBaseLocale (187 bytes)
Event: 1.531 Thread 0x0000022b1d95a650 nmethod 1117 0x0000022b0900b690 code [0x0000022b0900b9a0, 0x0000022b0900c8b8]
Event: 1.531 Thread 0x0000022b1d95a650 1118       3       sun.util.locale.InternalLocaleBuilder::getLocaleExtensions (65 bytes)
Event: 1.532 Thread 0x0000022b1d95a650 nmethod 1118 0x0000022b0900ce90 code [0x0000022b0900d0c0, 0x0000022b0900d928]
Event: 1.532 Thread 0x0000022b1d95a650 1119       3       sun.util.locale.LocaleUtils::isEmpty (19 bytes)
Event: 1.532 Thread 0x0000022b1d95a650 nmethod 1119 0x0000022b0900db10 code [0x0000022b0900dcc0, 0x0000022b0900df08]
Event: 1.532 Thread 0x0000022b1d95a650 1120       1       java.awt.AWTEvent::getID (5 bytes)
Event: 1.533 Thread 0x0000022b1d95a650 nmethod 1120 0x0000022b10947790 code [0x0000022b10947920, 0x0000022b109479f8]

GC Heap History (2 events):
Event: 0.751 GC heap before
{Heap before GC invocations=0 (full 0):
 garbage-first heap   total 98304K, used 20480K [0x00000000a1400000, 0x0000000100000000)
  region size 1024K, 13 young (13312K), 0 survivors (0K)
 Metaspace       used 5744K, committed 5952K, reserved 1114112K
  class space    used 616K, committed 768K, reserved 1048576K
}
Event: 0.761 GC heap after
{Heap after GC invocations=1 (full 0):
 garbage-first heap   total 98304K, used 9739K [0x00000000a1400000, 0x0000000100000000)
  region size 1024K, 2 young (2048K), 2 survivors (2048K)
 Metaspace       used 5744K, committed 5952K, reserved 1114112K
  class space    used 616K, committed 768K, reserved 1048576K
}

Dll operation events (10 events):
Event: 0.016 Loaded shared library C:\Users\This pc\AppData\Local\Programs\Eclipse Adoptium\jdk-17.0.7.7-hotspot\bin\java.dll
Event: 0.034 Loaded shared library C:\Users\This pc\AppData\Local\Programs\Eclipse Adoptium\jdk-17.0.7.7-hotspot\bin\jsvml.dll
Event: 0.136 Loaded shared library C:\Users\This pc\AppData\Local\Programs\Eclipse Adoptium\jdk-17.0.7.7-hotspot\bin\jimage.dll
Event: 0.148 Loaded shared library C:\Users\This pc\AppData\Local\Programs\Eclipse Adoptium\jdk-17.0.7.7-hotspot\bin\net.dll
Event: 0.152 Loaded shared library C:\Users\This pc\AppData\Local\Programs\Eclipse Adoptium\jdk-17.0.7.7-hotspot\bin\nio.dll
Event: 0.161 Loaded shared library C:\Users\This pc\AppData\Local\Programs\Eclipse Adoptium\jdk-17.0.7.7-hotspot\bin\zip.dll
Event: 0.197 Loaded shared library C:\Users\This pc\AppData\Local\Programs\Eclipse Adoptium\jdk-17.0.7.7-hotspot\bin\awt.dll
Event: 0.552 Loaded shared library C:\Users\This pc\AppData\Local\Programs\Eclipse Adoptium\jdk-17.0.7.7-hotspot\bin\javajpeg.dll
Event: 0.703 Loaded shared library C:\Users\This pc\AppData\Local\Programs\Eclipse Adoptium\jdk-17.0.7.7-hotspot\bin\freetype.dll
Event: 0.705 Loaded shared library C:\Users\This pc\AppData\Local\Programs\Eclipse Adoptium\jdk-17.0.7.7-hotspot\bin\fontmanager.dll

Deoptimization events (20 events):
Event: 0.861 Thread 0x0000022b230c8450 Uncommon trap: trap_request=0xffffff45 fr.pc=0x0000022b1092fb4c relative=0x00000000000007ec
Event: 0.861 Thread 0x0000022b230c8450 Uncommon trap: reason=unstable_if action=reinterpret pc=0x0000022b1092fb4c method=java.util.HashMap.putVal(ILjava/lang/Object;Ljava/lang/Object;ZZ)Ljava/lang/Object; @ 181 c2
Event: 0.861 Thread 0x0000022b230c8450 DEOPT PACKING pc=0x0000022b1092fb4c sp=0x000000a6b46fcc60
Event: 0.861 Thread 0x0000022b230c8450 DEOPT UNPACKING pc=0x0000022b103b69a3 sp=0x000000a6b46fcb98 mode 2
Event: 1.346 Thread 0x0000022b230c8450 Uncommon trap: trap_request=0xffffff45 fr.pc=0x0000022b1092d668 relative=0x0000000000000788
Event: 1.346 Thread 0x0000022b230c8450 Uncommon trap: reason=unstable_if action=reinterpret pc=0x0000022b1092d668 method=java.util.HashMap.putVal(ILjava/lang/Object;Ljava/lang/Object;ZZ)Ljava/lang/Object; @ 181 c2
Event: 1.346 Thread 0x0000022b230c8450 DEOPT PACKING pc=0x0000022b1092d668 sp=0x000000a6b46fcb40
Event: 1.346 Thread 0x0000022b230c8450 DEOPT UNPACKING pc=0x0000022b103b69a3 sp=0x000000a6b46fcae0 mode 2
Event: 1.347 Thread 0x0000022b230c8450 Uncommon trap: trap_request=0xffffff45 fr.pc=0x0000022b1090d634 relative=0x00000000000001b4
Event: 1.347 Thread 0x0000022b230c8450 Uncommon trap: reason=unstable_if action=reinterpret pc=0x0000022b1090d634 method=java.lang.String.hashCode()I @ 20 c2
Event: 1.347 Thread 0x0000022b230c8450 DEOPT PACKING pc=0x0000022b1090d634 sp=0x000000a6b46fcbb0
Event: 1.347 Thread 0x0000022b230c8450 DEOPT UNPACKING pc=0x0000022b103b69a3 sp=0x000000a6b46fcb40 mode 2
Event: 1.388 Thread 0x0000022b230c8450 Uncommon trap: trap_request=0xffffff45 fr.pc=0x0000022b1094473c relative=0x00000000000003fc
Event: 1.388 Thread 0x0000022b230c8450 Uncommon trap: reason=unstable_if action=reinterpret pc=0x0000022b1094473c method=java.lang.Character.isSurrogate(C)Z @ 3 c2
Event: 1.388 Thread 0x0000022b230c8450 DEOPT PACKING pc=0x0000022b1094473c sp=0x000000a6b46fc890
Event: 1.388 Thread 0x0000022b230c8450 DEOPT UNPACKING pc=0x0000022b103b69a3 sp=0x000000a6b46fc7b8 mode 2
Event: 1.479 Thread 0x0000022b230c8450 Uncommon trap: trap_request=0xffffff45 fr.pc=0x0000022b10937f0c relative=0x00000000000004cc
Event: 1.479 Thread 0x0000022b230c8450 Uncommon trap: reason=unstable_if action=reinterpret pc=0x0000022b10937f0c method=java.lang.StringLatin1.toLowerCase(Ljava/lang/String;[BLjava/util/Locale;)Ljava/lang/String; @ 43 c2
Event: 1.479 Thread 0x0000022b230c8450 DEOPT PACKING pc=0x0000022b10937f0c sp=0x000000a6b46fcd60
Event: 1.479 Thread 0x0000022b230c8450 DEOPT UNPACKING pc=0x0000022b103b69a3 sp=0x000000a6b46fccd0 mode 2

Classes unloaded (0 events):
No events

Classes redefined (0 events):
No events

Internal exceptions (12 events):
Event: 0.181 Thread 0x0000022b7f22f6f0 Exception <a 'java/lang/ClassNotFoundException'{0x00000000a7268418}: sun/awt/resources/spi/awtProvider> (0x00000000a7268418) 
thrown [s\src\hotspot\share\classfile\systemDictionary.cpp, line 256]
Event: 0.230 Thread 0x0000022b7f22f6f0 Exception <a 'java/io/FileNotFoundException'{0x00000000a72c0608}> (0x00000000a72c0608) 
thrown [s\src\hotspot\share\prims\jni.cpp, line 516]
Event: 0.249 Thread 0x0000022b7f22f6f0 Exception <a 'java/io/FileNotFoundException'{0x00000000a72ed7f0}> (0x00000000a72ed7f0) 
thrown [s\src\hotspot\share\prims\jni.cpp, line 516]
Event: 0.321 Thread 0x0000022b7f22f6f0 Exception <a 'java/lang/NoSuchMethodError'{0x00000000a7137e20}: 'java.lang.Object java.lang.invoke.DirectMethodHandle$Holder.invokeStaticInit(java.lang.Object)'> (0x00000000a7137e20) 
thrown [s\src\hotspot\share\interpreter\linkResolver.cpp, line 759]
Event: 0.374 Thread 0x0000022b7f22f6f0 Exception <a 'java/lang/NoSuchMethodError'{0x00000000a7181f88}: 'void java.lang.invoke.DirectMethodHandle$Holder.invokeSpecial(java.lang.Object, java.lang.Object, java.lang.Object)'> (0x00000000a7181f88) 
thrown [s\src\hotspot\share\interpreter\linkResolver.cpp, line 759]
Event: 0.388 Thread 0x0000022b7f22f6f0 Exception <a 'java/lang/NoSuchMethodError'{0x00000000a71eee00}: 'java.lang.Object java.lang.invoke.DirectMethodHandle$Holder.newInvokeSpecial(java.lang.Object, java.lang.Object, java.lang.Object, java.lang.Object, java.lang.Object)'> (0x00000000a71eee00) 
thrown [s\src\hotspot\share\interpreter\linkResolver.cpp, line 759]
Event: 0.390 Thread 0x0000022b7f22f6f0 Exception <a 'java/lang/NoSuchMethodError'{0x00000000a71fa7c8}: 'java.lang.Object java.lang.invoke.DirectMethodHandle$Holder.invokeStatic(java.lang.Object, int, java.lang.Object, java.lang.Object, java.lang.Object, java.lang.Object)'> (0x00000000a71fa7c8) 
thrown [s\src\hotspot\share\interpreter\linkResolver.cpp, line 759]
Event: 0.399 Thread 0x0000022b7f22f6f0 Exception <a 'java/lang/NoSuchMethodError'{0x00000000a7020420}: 'java.lang.Object java.lang.invoke.DirectMethodHandle$Holder.invokeStatic(java.lang.Object, int, java.lang.Object)'> (0x00000000a7020420) 
thrown [s\src\hotspot\share\interpreter\linkResolver.cpp, line 759]
Event: 0.447 Thread 0x0000022b7f22f6f0 Exception <a 'java/lang/ClassNotFoundException'{0x00000000a70d8680}: com/sun/swing/internal/plaf/metal/resources/spi/metalProvider> (0x00000000a70d8680) 
thrown [s\src\hotspot\share\classfile\systemDictionary.cpp, line 256]
Event: 0.448 Thread 0x0000022b7f22f6f0 Exception <a 'java/lang/ClassNotFoundException'{0x00000000a70dc508}: com/sun/swing/internal/plaf/basic/resources/spi/basicProvider> (0x00000000a70dc508) 
thrown [s\src\hotspot\share\classfile\systemDictionary.cpp, line 256]
Event: 0.554 Thread 0x0000022b1de64090 Exception <a 'java/lang/NoSuchMethodError'{0x00000000a6e7ebf0}: 'java.lang.Object java.lang.invoke.DirectMethodHandle$Holder.newInvokeSpecial(java.lang.Object, java.lang.Object, java.lang.Object, int, int, int, int, int)'> (0x00000000a6e7ebf0) 
thrown [s\src\hotspot\share\interpreter\linkResolver.cpp, line 759]
Event: 0.693 Thread 0x0000022b7f22f6f0 Exception <a 'java/lang/NoSuchMethodError'{0x00000000a67aa7f8}: 'void java.lang.invoke.DirectMethodHandle$Holder.invokeStaticInit(java.lang.Object)'> (0x00000000a67aa7f8) 
thrown [s\src\hotspot\share\interpreter\linkResolver.cpp, line 759]

VM Operations (12 events):
Event: 0.446 Executing VM operation: HandshakeAllThreads
Event: 0.446 Executing VM operation: HandshakeAllThreads done
Event: 0.600 Executing VM operation: HandshakeAllThreads
Event: 0.600 Executing VM operation: HandshakeAllThreads done
Event: 0.651 Executing VM operation: HandshakeAllThreads
Event: 0.652 Executing VM operation: HandshakeAllThreads done
Event: 0.734 Executing VM operation: HandshakeAllThreads
Event: 0.734 Executing VM operation: HandshakeAllThreads done
Event: 0.751 Executing VM operation: G1CollectForAllocation
Event: 0.761 Executing VM operation: G1CollectForAllocation done
Event: 0.817 Executing VM operation: HandshakeAllThreads
Event: 0.817 Executing VM operation: HandshakeAllThreads done

Events (20 events):
Event: 1.512 loading class java/text/AttributedString
Event: 1.513 loading class java/text/AttributedString done
Event: 1.513 loading class java/text/AttributedString$AttributedStringIterator
Event: 1.513 loading class java/text/AttributedCharacterIterator
Event: 1.513 loading class java/text/CharacterIterator
Event: 1.513 loading class java/text/CharacterIterator done
Event: 1.513 loading class java/text/AttributedCharacterIterator done
Event: 1.513 loading class java/text/AttributedString$AttributedStringIterator done
Event: 1.513 loading class java/awt/event/ContainerEvent
Event: 1.514 loading class java/awt/event/ContainerEvent done
Event: 1.514 loading class java/applet/Applet
Event: 1.514 loading class java/awt/Panel
Event: 1.514 loading class java/awt/Panel done
Event: 1.515 loading class java/applet/Applet done
Event: 1.518 loading class java/util/concurrent/locks/AbstractQueuedSynchronizer$ConditionNode
Event: 1.518 loading class java/util/concurrent/ForkJoinPool$ManagedBlocker
Event: 1.519 loading class java/util/concurrent/ForkJoinPool$ManagedBlocker done
Event: 1.519 loading class java/util/concurrent/locks/AbstractQueuedSynchronizer$Node
Event: 1.519 loading class java/util/concurrent/locks/AbstractQueuedSynchronizer$Node done
Event: 1.519 loading class java/util/concurrent/locks/AbstractQueuedSynchronizer$ConditionNode done


Dynamic libraries:
0x00007ff663610000 - 0x00007ff66361e000 	C:\Users\This pc\AppData\Local\Programs\Eclipse Adoptium\jdk-17.0.7.7-hotspot\bin\java.exe
0x00007ffa93090000 - 0x00007ffa93288000 	C:\Windows\SYSTEM32\ntdll.dll
0x00007ffa918d0000 - 0x00007ffa9198d000 	C:\Windows\System32\KERNEL32.DLL
0x00007ffa90750000 - 0x00007ffa90a46000 	C:\Windows\System32\KERNELBASE.dll
0x00007ffa90ab0000 - 0x00007ffa90bb0000 	C:\Windows\System32\ucrtbase.dll
0x00007ffa4eaf0000 - 0x00007ffa4eb09000 	C:\Users\This pc\AppData\Local\Programs\Eclipse Adoptium\jdk-17.0.7.7-hotspot\bin\VCRUNTIME140.dll
0x00007ffa4eb10000 - 0x00007ffa4eb27000 	C:\Users\This pc\AppData\Local\Programs\Eclipse Adoptium\jdk-17.0.7.7-hotspot\bin\jli.dll
0x00007ffa91ed0000 - 0x00007ffa9206f000 	C:\Windows\System32\USER32.dll
0x00007ffa90a80000 - 0x00007ffa90aa2000 	C:\Windows\System32\win32u.dll
0x00007ffa74670000 - 0x00007ffa7490a000 	C:\Windows\WinSxS\amd64_microsoft.windows.common-controls_6595b64144ccf1df_6.0.19041.4355_none_60b8b9eb71f62e16\COMCTL32.dll
0x00007ffa93020000 - 0x00007ffa9304b000 	C:\Windows\System32\GDI32.dll
0x00007ffa92f80000 - 0x00007ffa9301e000 	C:\Windows\System32\msvcrt.dll
0x00007ffa90d10000 - 0x00007ffa90e27000 	C:\Windows\System32\gdi32full.dll
0x00007ffa90f50000 - 0x00007ffa90fed000 	C:\Windows\System32\msvcp_win.dll
0x00007ffa918a0000 - 0x00007ffa918cf000 	C:\Windows\System32\IMM32.DLL
0x00007ffa79cd0000 - 0x00007ffa79cdc000 	C:\Users\This pc\AppData\Local\Programs\Eclipse Adoptium\jdk-17.0.7.7-hotspot\bin\vcruntime140_1.dll
0x00007ffa4ea50000 - 0x00007ffa4eae1000 	C:\Users\This pc\AppData\Local\Programs\Eclipse Adoptium\jdk-17.0.7.7-hotspot\bin\msvcp140.dll
0x00007ffa02c40000 - 0x00007ffa03888000 	C:\Users\This pc\AppData\Local\Programs\Eclipse Adoptium\jdk-17.0.7.7-hotspot\bin\server\jvm.dll
0x00007ffa92e70000 - 0x00007ffa92f20000 	C:\Windows\System32\ADVAPI32.dll
0x00007ffa92980000 - 0x00007ffa92a20000 	C:\Windows\System32\sechost.dll
0x00007ffa92850000 - 0x00007ffa92973000 	C:\Windows\System32\RPCRT4.dll
0x00007ffa90a50000 - 0x00007ffa90a77000 	C:\Windows\System32\bcrypt.dll
0x00007ffa8cc80000 - 0x00007ffa8cca7000 	C:\Windows\SYSTEM32\WINMM.dll
0x00007ffa8d080000 - 0x00007ffa8d089000 	C:\Windows\SYSTEM32\WSOCK32.dll
0x00007ffa87320000 - 0x00007ffa8732a000 	C:\Windows\SYSTEM32\VERSION.dll
0x00007ffa927e0000 - 0x00007ffa9284b000 	C:\Windows\System32\WS2_32.dll
0x00007ffa8e5d0000 - 0x00007ffa8e5e2000 	C:\Windows\SYSTEM32\kernel.appcore.dll
0x00007ffa6df10000 - 0x00007ffa6df1a000 	C:\Users\This pc\AppData\Local\Programs\Eclipse Adoptium\jdk-17.0.7.7-hotspot\bin\jimage.dll
0x00007ffa72bc0000 - 0x00007ffa72da4000 	C:\Windows\SYSTEM32\DBGHELP.DLL
0x00007ffa72b80000 - 0x00007ffa72bb4000 	C:\Windows\SYSTEM32\dbgcore.DLL
0x00007ffa90ff0000 - 0x00007ffa91072000 	C:\Windows\System32\bcryptPrimitives.dll
0x00007ffa21920000 - 0x00007ffa21945000 	C:\Users\This pc\AppData\Local\Programs\Eclipse Adoptium\jdk-17.0.7.7-hotspot\bin\java.dll
0x00007ffa21840000 - 0x00007ffa21916000 	C:\Users\This pc\AppData\Local\Programs\Eclipse Adoptium\jdk-17.0.7.7-hotspot\bin\jsvml.dll
0x00007ffa910d0000 - 0x00007ffa9183c000 	C:\Windows\System32\SHELL32.dll
0x00007ffa8e7d0000 - 0x00007ffa8ef6d000 	C:\Windows\SYSTEM32\windows.storage.dll
0x00007ffa91b60000 - 0x00007ffa91eb3000 	C:\Windows\System32\combase.dll
0x00007ffa90170000 - 0x00007ffa9019e000 	C:\Windows\SYSTEM32\Wldp.dll
0x00007ffa91990000 - 0x00007ffa91a5d000 	C:\Windows\System32\OLEAUT32.dll
0x00007ffa92c40000 - 0x00007ffa92ced000 	C:\Windows\System32\SHCORE.dll
0x00007ffa92e10000 - 0x00007ffa92e65000 	C:\Windows\System32\shlwapi.dll
0x00007ffa90680000 - 0x00007ffa906a4000 	C:\Windows\SYSTEM32\profapi.dll
0x00007ffa4ea30000 - 0x00007ffa4ea49000 	C:\Users\This pc\AppData\Local\Programs\Eclipse Adoptium\jdk-17.0.7.7-hotspot\bin\net.dll
0x00007ffa877d0000 - 0x00007ffa878da000 	C:\Windows\SYSTEM32\WINHTTP.dll
0x00007ffa8fed0000 - 0x00007ffa8ff3a000 	C:\Windows\system32\mswsock.dll
0x00007ffa21820000 - 0x00007ffa21835000 	C:\Users\This pc\AppData\Local\Programs\Eclipse Adoptium\jdk-17.0.7.7-hotspot\bin\nio.dll
0x00007ffa21800000 - 0x00007ffa21818000 	C:\Users\This pc\AppData\Local\Programs\Eclipse Adoptium\jdk-17.0.7.7-hotspot\bin\zip.dll
0x00007ffa04a20000 - 0x00007ffa04bae000 	C:\Users\This pc\AppData\Local\Programs\Eclipse Adoptium\jdk-17.0.7.7-hotspot\bin\awt.dll
0x00007ffa8ce40000 - 0x00007ffa8ced0000 	C:\Windows\SYSTEM32\apphelp.dll
0x00007ffa8e2e0000 - 0x00007ffa8e30f000 	C:\Windows\system32\DWMAPI.DLL
0x00007ffa8e0f0000 - 0x00007ffa8e18e000 	C:\Windows\system32\uxtheme.dll
0x00007ffa6dc00000 - 0x00007ffa6dd25000 	C:\Windows\system32\opengl32.dll
0x00007ffa74330000 - 0x00007ffa7435c000 	C:\Windows\SYSTEM32\GLU32.dll
0x00007ffa92cf0000 - 0x00007ffa92e04000 	C:\Windows\System32\MSCTF.dll
0x00007ffa92a20000 - 0x00007ffa92b4b000 	C:\Windows\System32\ole32.dll
0x00007ffa8a0d0000 - 0x00007ffa8a0fd000 	C:\Users\This pc\AppData\Local\Programs\Eclipse Adoptium\jdk-17.0.7.7-hotspot\bin\javajpeg.dll
0x00007ffa215f0000 - 0x00007ffa21676000 	C:\Users\This pc\AppData\Local\Programs\Eclipse Adoptium\jdk-17.0.7.7-hotspot\bin\freetype.dll
0x00007ffa03a60000 - 0x00007ffa03b25000 	C:\Users\This pc\AppData\Local\Programs\Eclipse Adoptium\jdk-17.0.7.7-hotspot\bin\fontmanager.dll
0x00007ffa820d0000 - 0x00007ffa821c9000 	C:\Windows\SYSTEM32\textinputframework.dll
0x00007ffa8bd00000 - 0x00007ffa8c05b000 	C:\Windows\System32\CoreUIComponents.dll
0x00007ffa8c560000 - 0x00007ffa8c652000 	C:\Windows\System32\CoreMessaging.dll
0x00007ffa8f8a0000 - 0x00007ffa8f8d3000 	C:\Windows\SYSTEM32\ntmarta.dll
0x00007ffa8d5e0000 - 0x00007ffa8d737000 	C:\Windows\SYSTEM32\wintypes.dll
0x00007ffa92080000 - 0x00007ffa92129000 	C:\Windows\System32\clbcatq.dll

dbghelp: loaded successfully - version: 4.0.5 - missing functions: none
symbol engine: initialized successfully - sym options: 0x614 - pdb path: .;C:\Users\This pc\AppData\Local\Programs\Eclipse Adoptium\jdk-17.0.7.7-hotspot\bin;C:\Windows\SYSTEM32;C:\Windows\WinSxS\amd64_microsoft.windows.common-controls_6595b64144ccf1df_6.0.19041.4355_none_60b8b9eb71f62e16;C:\Users\This pc\AppData\Local\Programs\Eclipse Adoptium\jdk-17.0.7.7-hotspot\bin\server

VM Arguments:
jvm_args: -XX:+ShowCodeDetailsInExceptionMessages 
java_command: Transactions
java_class_path (initial): C:\Users\This pc\Downloads\Bankmanagsys\bin;c:\Users\This pc\Downloads\Bankmanagsys\lib\mysql-connector-java-8.0.28.jar;c:\Users\This pc\Downloads\Bankmanagsys\lib\jcalendar-tz-1.3.3-4.jar
Launcher Type: SUN_STANDARD

[Global flags]
     intx CICompilerCount                          = 3                                         {product} {ergonomic}
     uint ConcGCThreads                            = 1                                         {product} {ergonomic}
     uint G1ConcRefinementThreads                  = 4                                         {product} {ergonomic}
   size_t G1HeapRegionSize                         = 1048576                                   {product} {ergonomic}
    uintx GCDrainStackTargetSize                   = 64                                        {product} {ergonomic}
   size_t InitialHeapSize                          = 100663296                                 {product} {ergonomic}
   size_t MarkStackSize                            = 4194304                                   {product} {ergonomic}
   size_t MaxHeapSize                              = 1589641216                                {product} {ergonomic}
   size_t MaxNewSize                               = 953155584                                 {product} {ergonomic}
   size_t MinHeapDeltaBytes                        = 1048576                                   {product} {ergonomic}
   size_t MinHeapSize                              = 8388608                                   {product} {ergonomic}
    uintx NonNMethodCodeHeapSize                   = 5832780                                {pd product} {ergonomic}
    uintx NonProfiledCodeHeapSize                  = 122912730                              {pd product} {ergonomic}
    uintx ProfiledCodeHeapSize                     = 122912730                              {pd product} {ergonomic}
    uintx ReservedCodeCacheSize                    = 251658240                              {pd product} {ergonomic}
     bool SegmentedCodeCache                       = true                                      {product} {ergonomic}
     bool ShowCodeDetailsInExceptionMessages       = true                                   {manageable} {command line}
   size_t SoftMaxHeapSize                          = 1589641216                             {manageable} {ergonomic}
     bool UseCompressedClassPointers               = true                           {product lp64_product} {ergonomic}
     bool UseCompressedOops                        = true                           {product lp64_product} {ergonomic}
     bool UseG1GC                                  = true                                      {product} {ergonomic}
     bool UseLargePagesIndividualAllocation        = false                                  {pd product} {ergonomic}

Logging:
Log output configuration:
 #0: stdout all=warning uptime,level,tags
 #1: stderr all=off uptime,level,tags

Environment Variables:
JAVA_HOME=C:\Users\This pc\AppData\Local\Programs\Eclipse Adoptium\jdk-17.0.7.7-hotspot\
PATH=C:\Program Files\Common Files\Oracle\Java\javapath;C:\Program Files\Python311\Scripts\;C:\Program Files\Python311\;C:\Windows\system32;C:\Windows;C:\Windows\System32\Wbem;C:\Windows\System32\WindowsPowerShell\v1.0\;C:\Windows\System32\OpenSSH\;C:\MinGW\bin;C:\Program Files\Git\cmd;C:\Program Files\Java\jdk-22\bin;C:\Program Files\MySQL\MySQL Shell 8.0\bin\;C:\msys64\ucrt64\bin;C:\Users\This pc\AppData\Local\Programs\Microsoft VS Code\bin
USERNAME=This pc
LANG=en_US.UTF-8
OS=Windows_NT
PROCESSOR_IDENTIFIER=Intel64 Family 6 Model 69 Stepping 1, GenuineIntel
TMP=C:\Users\THISPC~1\AppData\Local\Temp
TEMP=C:\Users\THISPC~1\AppData\Local\Temp



---------------  S Y S T E M  ---------------

OS:
 Windows 10 , 64 bit Build 19041 (10.0.19041.3636)
OS uptime: 3 days 3:56 hours

CPU: total 4 (initial active 4) (2 cores per cpu, 2 threads per core) family 6 model 69 stepping 1 microcode 0x25, cx8, cmov, fxsr, ht, mmx, sse, sse2, sse3, ssse3, sse4.1, sse4.2, popcnt, lzcnt, tsc, tscinvbit, avx, avx2, aes, erms, clmul, bmi1, bmi2, fma, vzeroupper, clflush

Memory: 4k page, system-wide physical 6056M (400M free)
TotalPageFile size 19458M (AvailPageFile size 2M)
current process WorkingSet (physical memory assigned to process): 83M, peak: 83M
current process commit charge ("private bytes"): 187M, peak: 187M

vm_info: OpenJDK 64-Bit Server VM (17.0.7+7) for windows-amd64 JRE (17.0.7+7), built on Apr 18 2023 22:10:42 by "temurin" with MS VC++ 16.7 (VS2019)

END.
